{"/Users/mattriley/Home/Code/agileavatars/src/index.js":{"path":"/Users/mattriley/Home/Code/agileavatars/src/index.js","statementMap":{"0":{"start":{"line":1,"column":0},"end":{"line":10,"column":2}}},"fnMap":{},"branchMap":{},"s":{"0":1},"f":{},"b":{},"_coverageSchema":"1a1c01bbd47fc00a2c39e90264f33305004495a9","hash":"ee0e2a9bad8af79dece099d5448afac0eade2cfc","contentHash":"0dbaca602b2de0df54ca86d37306c0e1968c0dd74fc83a84bf8e5314c1f8354e"},"/Users/mattriley/Home/Code/agileavatars/src/components/index.js":{"path":"/Users/mattriley/Home/Code/agileavatars/src/components/index.js","statementMap":{"0":{"start":{"line":1,"column":0},"end":{"line":16,"column":2}}},"fnMap":{},"branchMap":{},"s":{"0":1},"f":{},"b":{},"_coverageSchema":"1a1c01bbd47fc00a2c39e90264f33305004495a9","hash":"f3a46214b5016d8db18ec73b1a29047e27404af7","contentHash":"6f62aaa8751c803d309a09f69d65a03459902729757044e70a1996363be3600b"},"/Users/mattriley/Home/Code/agileavatars/src/components/gravatar/index.js":{"path":"/Users/mattriley/Home/Code/agileavatars/src/components/gravatar/index.js","statementMap":{"0":{"start":{"line":1,"column":0},"end":{"line":5,"column":2}}},"fnMap":{},"branchMap":{},"s":{"0":1},"f":{},"b":{},"_coverageSchema":"1a1c01bbd47fc00a2c39e90264f33305004495a9","hash":"874f3d8862a2b2a1318302d519275afbdc6d9821","contentHash":"f65e60caccd263abbe101714c724bab36970f8a6301d6a707125eeaa2bf694de"},"/Users/mattriley/Home/Code/agileavatars/src/components/gravatar/actions/index.js":{"path":"/Users/mattriley/Home/Code/agileavatars/src/components/gravatar/actions/index.js","statementMap":{"0":{"start":{"line":1,"column":0},"end":{"line":6,"column":2}}},"fnMap":{},"branchMap":{},"s":{"0":1},"f":{},"b":{},"_coverageSchema":"1a1c01bbd47fc00a2c39e90264f33305004495a9","hash":"ab9384ac8580d63dea7742c12ba0a1257e6a1619","contentHash":"7a3a17f5bfeef3fdfc4609164934f205100768d1833d7482531159a054443953"},"/Users/mattriley/Home/Code/agileavatars/src/components/gravatar/actions/actions.js":{"path":"/Users/mattriley/Home/Code/agileavatars/src/components/gravatar/actions/actions.js","statementMap":{"0":{"start":{"line":1,"column":0},"end":{"line":9,"column":2}},"1":{"start":{"line":1,"column":38},"end":{"line":9,"column":1}},"2":{"start":{"line":3,"column":4},"end":{"line":7,"column":6}}},"fnMap":{"0":{"name":"(anonymous_0)","decl":{"start":{"line":1,"column":17},"end":{"line":1,"column":18}},"loc":{"start":{"line":1,"column":38},"end":{"line":9,"column":1}},"line":1},"1":{"name":"(anonymous_1)","decl":{"start":{"line":1,"column":38},"end":{"line":1,"column":39}},"loc":{"start":{"line":1,"column":44},"end":{"line":9,"column":1}},"line":1}},"branchMap":{},"s":{"0":1,"1":103,"2":9},"f":{"0":103,"1":9},"b":{},"_coverageSchema":"1a1c01bbd47fc00a2c39e90264f33305004495a9","hash":"279107c0f88d2b50671203456c02544551c28477","contentHash":"217973119a80b15f23df6990f5a858741c41b098e2da8c165e4f1d45253b1031"},"/Users/mattriley/Home/Code/agileavatars/src/components/gravatar/actions/error.js":{"path":"/Users/mattriley/Home/Code/agileavatars/src/components/gravatar/actions/error.js","statementMap":{"0":{"start":{"line":1,"column":0},"end":{"line":20,"column":2}},"1":{"start":{"line":1,"column":59},"end":{"line":20,"column":1}},"2":{"start":{"line":3,"column":26},"end":{"line":3,"column":52}},"3":{"start":{"line":5,"column":21},"end":{"line":6,"column":69}},"4":{"start":{"line":8,"column":19},"end":{"line":8,"column":69}},"5":{"start":{"line":10,"column":4},"end":{"line":12,"column":7}},"6":{"start":{"line":11,"column":8},"end":{"line":11,"column":87}},"7":{"start":{"line":14,"column":4},"end":{"line":16,"column":7}},"8":{"start":{"line":15,"column":8},"end":{"line":15,"column":49}},"9":{"start":{"line":18,"column":4},"end":{"line":18,"column":18}}},"fnMap":{"0":{"name":"(anonymous_0)","decl":{"start":{"line":1,"column":17},"end":{"line":1,"column":18}},"loc":{"start":{"line":1,"column":59},"end":{"line":20,"column":1}},"line":1},"1":{"name":"(anonymous_1)","decl":{"start":{"line":1,"column":59},"end":{"line":1,"column":60}},"loc":{"start":{"line":1,"column":65},"end":{"line":20,"column":1}},"line":1},"2":{"name":"(anonymous_2)","decl":{"start":{"line":10,"column":55},"end":{"line":10,"column":56}},"loc":{"start":{"line":10,"column":61},"end":{"line":12,"column":5}},"line":10},"3":{"name":"(anonymous_3)","decl":{"start":{"line":14,"column":61},"end":{"line":14,"column":62}},"loc":{"start":{"line":14,"column":77},"end":{"line":16,"column":5}},"line":14}},"branchMap":{},"s":{"0":1,"1":103,"2":9,"3":9,"4":9,"5":9,"6":19,"7":9,"8":14,"9":9},"f":{"0":103,"1":9,"2":19,"3":14},"b":{},"_coverageSchema":"1a1c01bbd47fc00a2c39e90264f33305004495a9","hash":"f4373e95574eeb8632f9b4fa4e154e2d8a136977","contentHash":"0eeacf3f28d3d3566a25de5c01c26905c5b9692353bdeafa26b4ae1b51393f22"},"/Users/mattriley/Home/Code/agileavatars/src/components/gravatar/actions/import.js":{"path":"/Users/mattriley/Home/Code/agileavatars/src/components/gravatar/actions/import.js","statementMap":{"0":{"start":{"line":1,"column":0},"end":{"line":19,"column":2}},"1":{"start":{"line":1,"column":59},"end":{"line":19,"column":1}},"2":{"start":{"line":3,"column":20},"end":{"line":7,"column":10}},"3":{"start":{"line":5,"column":41},"end":{"line":5,"column":72}},"4":{"start":{"line":6,"column":12},"end":{"line":6,"column":69}},"5":{"start":{"line":9,"column":4},"end":{"line":11,"column":7}},"6":{"start":{"line":10,"column":8},"end":{"line":10,"column":88}},"7":{"start":{"line":13,"column":4},"end":{"line":15,"column":7}},"8":{"start":{"line":14,"column":8},"end":{"line":14,"column":44}},"9":{"start":{"line":17,"column":4},"end":{"line":17,"column":19}}},"fnMap":{"0":{"name":"(anonymous_0)","decl":{"start":{"line":1,"column":17},"end":{"line":1,"column":18}},"loc":{"start":{"line":1,"column":59},"end":{"line":19,"column":1}},"line":1},"1":{"name":"(anonymous_1)","decl":{"start":{"line":1,"column":59},"end":{"line":1,"column":60}},"loc":{"start":{"line":1,"column":65},"end":{"line":19,"column":1}},"line":1},"2":{"name":"(anonymous_2)","decl":{"start":{"line":4,"column":35},"end":{"line":4,"column":36}},"loc":{"start":{"line":4,"column":41},"end":{"line":7,"column":9}},"line":4},"3":{"name":"(anonymous_3)","decl":{"start":{"line":9,"column":55},"end":{"line":9,"column":56}},"loc":{"start":{"line":9,"column":61},"end":{"line":11,"column":5}},"line":9},"4":{"name":"(anonymous_4)","decl":{"start":{"line":13,"column":57},"end":{"line":13,"column":58}},"loc":{"start":{"line":13,"column":69},"end":{"line":15,"column":5}},"line":13}},"branchMap":{},"s":{"0":1,"1":103,"2":9,"3":5,"4":5,"5":9,"6":19,"7":9,"8":16,"9":9},"f":{"0":103,"1":9,"2":5,"3":19,"4":16},"b":{},"_coverageSchema":"1a1c01bbd47fc00a2c39e90264f33305004495a9","hash":"f5b2bf948eacd4d123b2c0a9edca4003d7f44112","contentHash":"d70577000fa1f3ff6b839e262ab4e63afb154aaaef9b2fcc2088f21b3387b517"},"/Users/mattriley/Home/Code/agileavatars/src/components/gravatar/actions/loading.js":{"path":"/Users/mattriley/Home/Code/agileavatars/src/components/gravatar/actions/loading.js","statementMap":{"0":{"start":{"line":1,"column":0},"end":{"line":11,"column":2}},"1":{"start":{"line":1,"column":59},"end":{"line":11,"column":1}},"2":{"start":{"line":3,"column":21},"end":{"line":3,"column":65}},"3":{"start":{"line":5,"column":4},"end":{"line":7,"column":7}},"4":{"start":{"line":6,"column":8},"end":{"line":6,"column":91}},"5":{"start":{"line":9,"column":4},"end":{"line":9,"column":20}}},"fnMap":{"0":{"name":"(anonymous_0)","decl":{"start":{"line":1,"column":17},"end":{"line":1,"column":18}},"loc":{"start":{"line":1,"column":59},"end":{"line":11,"column":1}},"line":1},"1":{"name":"(anonymous_1)","decl":{"start":{"line":1,"column":59},"end":{"line":1,"column":60}},"loc":{"start":{"line":1,"column":65},"end":{"line":11,"column":1}},"line":1},"2":{"name":"(anonymous_2)","decl":{"start":{"line":5,"column":55},"end":{"line":5,"column":56}},"loc":{"start":{"line":5,"column":61},"end":{"line":7,"column":5}},"line":5}},"branchMap":{},"s":{"0":1,"1":103,"2":9,"3":9,"4":19,"5":9},"f":{"0":103,"1":9,"2":19},"b":{},"_coverageSchema":"1a1c01bbd47fc00a2c39e90264f33305004495a9","hash":"557fb1392b547b9841715d554d0a5ee2c4037298","contentHash":"2f15a9df041618151d49193e5ea38aa8741979197abac2de337ceaa8f240eba9"},"/Users/mattriley/Home/Code/agileavatars/src/components/gravatar/content/index.js":{"path":"/Users/mattriley/Home/Code/agileavatars/src/components/gravatar/content/index.js","statementMap":{"0":{"start":{"line":1,"column":0},"end":{"line":6,"column":2}}},"fnMap":{},"branchMap":{},"s":{"0":1},"f":{},"b":{},"_coverageSchema":"1a1c01bbd47fc00a2c39e90264f33305004495a9","hash":"666aa39e1e19330345f17b2c4f9de3a7240acce8","contentHash":"3323be528331556cb8fbf84327f621075a29fd0c3d5db1a41f4ed65b3b03dfc0"},"/Users/mattriley/Home/Code/agileavatars/src/components/gravatar/content/content.js":{"path":"/Users/mattriley/Home/Code/agileavatars/src/components/gravatar/content/content.js","statementMap":{"0":{"start":{"line":1,"column":0},"end":{"line":8,"column":2}},"1":{"start":{"line":1,"column":38},"end":{"line":8,"column":1}},"2":{"start":{"line":3,"column":4},"end":{"line":6,"column":6}}},"fnMap":{"0":{"name":"(anonymous_0)","decl":{"start":{"line":1,"column":17},"end":{"line":1,"column":18}},"loc":{"start":{"line":1,"column":38},"end":{"line":8,"column":1}},"line":1},"1":{"name":"(anonymous_1)","decl":{"start":{"line":1,"column":38},"end":{"line":1,"column":39}},"loc":{"start":{"line":1,"column":44},"end":{"line":8,"column":1}},"line":1}},"branchMap":{},"s":{"0":1,"1":103,"2":9},"f":{"0":103,"1":9},"b":{},"_coverageSchema":"1a1c01bbd47fc00a2c39e90264f33305004495a9","hash":"b135ee4ef1ff75a955921a72acb506daec71991f","contentHash":"405dd0c5bca7093d0a071f9a67f6b9efb86585ffa3e4f7771bcd2d716cdee850"},"/Users/mattriley/Home/Code/agileavatars/src/components/gravatar/content/fallback.js":{"path":"/Users/mattriley/Home/Code/agileavatars/src/components/gravatar/content/fallback.js","statementMap":{"0":{"start":{"line":1,"column":0},"end":{"line":15,"column":2}},"1":{"start":{"line":1,"column":59},"end":{"line":15,"column":1}},"2":{"start":{"line":3,"column":22},"end":{"line":8,"column":6}},"3":{"start":{"line":7,"column":8},"end":{"line":7,"column":51}},"4":{"start":{"line":10,"column":4},"end":{"line":12,"column":7}},"5":{"start":{"line":11,"column":8},"end":{"line":11,"column":85}},"6":{"start":{"line":14,"column":4},"end":{"line":14,"column":21}}},"fnMap":{"0":{"name":"(anonymous_0)","decl":{"start":{"line":1,"column":17},"end":{"line":1,"column":18}},"loc":{"start":{"line":1,"column":59},"end":{"line":15,"column":1}},"line":1},"1":{"name":"(anonymous_1)","decl":{"start":{"line":1,"column":59},"end":{"line":1,"column":60}},"loc":{"start":{"line":1,"column":71},"end":{"line":15,"column":1}},"line":1},"2":{"name":"(anonymous_2)","decl":{"start":{"line":6,"column":33},"end":{"line":6,"column":34}},"loc":{"start":{"line":6,"column":39},"end":{"line":8,"column":5}},"line":6},"3":{"name":"(anonymous_3)","decl":{"start":{"line":10,"column":57},"end":{"line":10,"column":58}},"loc":{"start":{"line":10,"column":77},"end":{"line":12,"column":5}},"line":10}},"branchMap":{},"s":{"0":1,"1":103,"2":54,"3":1,"4":54,"5":60,"6":54},"f":{"0":103,"1":54,"2":1,"3":60},"b":{},"_coverageSchema":"1a1c01bbd47fc00a2c39e90264f33305004495a9","hash":"c676009fc6ab580a4afa53b0ea08caed6d818e0d","contentHash":"75f087ea900e401218c0c274ed6db9795f9943704122cd4b38029481a9732428"},"/Users/mattriley/Home/Code/agileavatars/src/components/gravatar/content/fallbacks.js":{"path":"/Users/mattriley/Home/Code/agileavatars/src/components/gravatar/content/fallbacks.js","statementMap":{"0":{"start":{"line":1,"column":0},"end":{"line":8,"column":2}},"1":{"start":{"line":1,"column":56},"end":{"line":8,"column":1}},"2":{"start":{"line":3,"column":30},"end":{"line":3,"column":77}},"3":{"start":{"line":4,"column":23},"end":{"line":4,"column":61}},"4":{"start":{"line":5,"column":22},"end":{"line":5,"column":97}},"5":{"start":{"line":6,"column":4},"end":{"line":6,"column":49}}},"fnMap":{"0":{"name":"(anonymous_0)","decl":{"start":{"line":1,"column":17},"end":{"line":1,"column":18}},"loc":{"start":{"line":1,"column":56},"end":{"line":8,"column":1}},"line":1},"1":{"name":"(anonymous_1)","decl":{"start":{"line":1,"column":56},"end":{"line":1,"column":57}},"loc":{"start":{"line":1,"column":62},"end":{"line":8,"column":1}},"line":1}},"branchMap":{},"s":{"0":1,"1":103,"2":9,"3":9,"4":9,"5":9},"f":{"0":103,"1":9},"b":{},"_coverageSchema":"1a1c01bbd47fc00a2c39e90264f33305004495a9","hash":"70c03fcf7eb8a40cfb1230f375864e43223b1994","contentHash":"b6dc997a6be4c731b029fd8775a27d9d289089bdbddb78ba35153ca27b2ad619"},"/Users/mattriley/Home/Code/agileavatars/src/components/gravatar/content/freetext.js":{"path":"/Users/mattriley/Home/Code/agileavatars/src/components/gravatar/content/freetext.js","statementMap":{"0":{"start":{"line":1,"column":0},"end":{"line":20,"column":2}},"1":{"start":{"line":1,"column":64},"end":{"line":20,"column":1}},"2":{"start":{"line":3,"column":22},"end":{"line":6,"column":10}},"3":{"start":{"line":5,"column":12},"end":{"line":5,"column":62}},"4":{"start":{"line":8,"column":4},"end":{"line":10,"column":7}},"5":{"start":{"line":9,"column":8},"end":{"line":9,"column":35}},"6":{"start":{"line":12,"column":4},"end":{"line":14,"column":7}},"7":{"start":{"line":13,"column":8},"end":{"line":13,"column":67}},"8":{"start":{"line":16,"column":22},"end":{"line":16,"column":40}},"9":{"start":{"line":18,"column":4},"end":{"line":18,"column":48}}},"fnMap":{"0":{"name":"(anonymous_0)","decl":{"start":{"line":1,"column":17},"end":{"line":1,"column":18}},"loc":{"start":{"line":1,"column":64},"end":{"line":20,"column":1}},"line":1},"1":{"name":"(anonymous_1)","decl":{"start":{"line":1,"column":64},"end":{"line":1,"column":65}},"loc":{"start":{"line":1,"column":70},"end":{"line":20,"column":1}},"line":1},"2":{"name":"(anonymous_2)","decl":{"start":{"line":4,"column":35},"end":{"line":4,"column":36}},"loc":{"start":{"line":4,"column":41},"end":{"line":6,"column":9}},"line":4},"3":{"name":"(anonymous_3)","decl":{"start":{"line":8,"column":57},"end":{"line":8,"column":58}},"loc":{"start":{"line":8,"column":69},"end":{"line":10,"column":5}},"line":8},"4":{"name":"(anonymous_4)","decl":{"start":{"line":12,"column":55},"end":{"line":12,"column":56}},"loc":{"start":{"line":12,"column":61},"end":{"line":14,"column":5}},"line":12}},"branchMap":{},"s":{"0":1,"1":103,"2":9,"3":6,"4":9,"5":16,"6":9,"7":19,"8":9,"9":9},"f":{"0":103,"1":9,"2":6,"3":16,"4":19},"b":{},"_coverageSchema":"1a1c01bbd47fc00a2c39e90264f33305004495a9","hash":"9d5082c81b4750ba34931f98d9da1e99e87e93d8","contentHash":"ce52e2cbc939787aef688c0e9b621ca1dcf317abcc56fa6f0e89d3677337ede6"},"/Users/mattriley/Home/Code/agileavatars/src/components/gravatar/title.js":{"path":"/Users/mattriley/Home/Code/agileavatars/src/components/gravatar/title.js","statementMap":{"0":{"start":{"line":1,"column":0},"end":{"line":15,"column":2}},"1":{"start":{"line":1,"column":29},"end":{"line":15,"column":1}},"2":{"start":{"line":3,"column":27},"end":{"line":5,"column":6}},"3":{"start":{"line":7,"column":27},"end":{"line":11,"column":6}},"4":{"start":{"line":13,"column":4},"end":{"line":13,"column":60}}},"fnMap":{"0":{"name":"(anonymous_0)","decl":{"start":{"line":1,"column":17},"end":{"line":1,"column":18}},"loc":{"start":{"line":1,"column":29},"end":{"line":15,"column":1}},"line":1},"1":{"name":"(anonymous_1)","decl":{"start":{"line":1,"column":29},"end":{"line":1,"column":30}},"loc":{"start":{"line":1,"column":35},"end":{"line":15,"column":1}},"line":1}},"branchMap":{},"s":{"0":1,"1":103,"2":9,"3":9,"4":9},"f":{"0":103,"1":9},"b":{},"_coverageSchema":"1a1c01bbd47fc00a2c39e90264f33305004495a9","hash":"05877b5b5fc48c8fde990eb7fe7b63c7295845ce","contentHash":"4fc733d970d0f2ca707457b39157c163ff69855e5a32691856d47309093e4826"},"/Users/mattriley/Home/Code/agileavatars/src/components/header/index.js":{"path":"/Users/mattriley/Home/Code/agileavatars/src/components/header/index.js","statementMap":{"0":{"start":{"line":1,"column":0},"end":{"line":5,"column":2}}},"fnMap":{},"branchMap":{},"s":{"0":1},"f":{},"b":{},"_coverageSchema":"1a1c01bbd47fc00a2c39e90264f33305004495a9","hash":"8ef6436fb74d7ff6ff96d3a32c34c298eb559fcb","contentHash":"a44163dfc1b9ff1240d099a323a60e0a8dbc3ea640f8d43a4366881a4370206d"},"/Users/mattriley/Home/Code/agileavatars/src/components/header/header.js":{"path":"/Users/mattriley/Home/Code/agileavatars/src/components/header/header.js","statementMap":{"0":{"start":{"line":1,"column":0},"end":{"line":8,"column":2}},"1":{"start":{"line":1,"column":37},"end":{"line":8,"column":1}},"2":{"start":{"line":3,"column":4},"end":{"line":6,"column":6}}},"fnMap":{"0":{"name":"(anonymous_0)","decl":{"start":{"line":1,"column":17},"end":{"line":1,"column":18}},"loc":{"start":{"line":1,"column":37},"end":{"line":8,"column":1}},"line":1},"1":{"name":"(anonymous_1)","decl":{"start":{"line":1,"column":37},"end":{"line":1,"column":38}},"loc":{"start":{"line":1,"column":43},"end":{"line":8,"column":1}},"line":1}},"branchMap":{},"s":{"0":1,"1":103,"2":1},"f":{"0":103,"1":1},"b":{},"_coverageSchema":"1a1c01bbd47fc00a2c39e90264f33305004495a9","hash":"35719d6af7ccc76dc5f70854ded8ede96961f2cc","contentHash":"05df7e451179536369e308b84d7baac8f7efe501984ed1641853c9897c85386f"},"/Users/mattriley/Home/Code/agileavatars/src/components/header/nav-bar.js":{"path":"/Users/mattriley/Home/Code/agileavatars/src/components/header/nav-bar.js","statementMap":{"0":{"start":{"line":1,"column":0},"end":{"line":16,"column":2}},"1":{"start":{"line":1,"column":47},"end":{"line":16,"column":1}},"2":{"start":{"line":3,"column":18},"end":{"line":6,"column":10}},"3":{"start":{"line":5,"column":12},"end":{"line":5,"column":50}},"4":{"start":{"line":8,"column":20},"end":{"line":12,"column":6}},"5":{"start":{"line":14,"column":4},"end":{"line":14,"column":55}}},"fnMap":{"0":{"name":"(anonymous_0)","decl":{"start":{"line":1,"column":17},"end":{"line":1,"column":18}},"loc":{"start":{"line":1,"column":47},"end":{"line":16,"column":1}},"line":1},"1":{"name":"(anonymous_1)","decl":{"start":{"line":1,"column":47},"end":{"line":1,"column":48}},"loc":{"start":{"line":1,"column":53},"end":{"line":16,"column":1}},"line":1},"2":{"name":"(anonymous_2)","decl":{"start":{"line":4,"column":35},"end":{"line":4,"column":36}},"loc":{"start":{"line":4,"column":41},"end":{"line":6,"column":9}},"line":4}},"branchMap":{},"s":{"0":1,"1":103,"2":2,"3":1,"4":2,"5":2},"f":{"0":103,"1":2,"2":1},"b":{},"_coverageSchema":"1a1c01bbd47fc00a2c39e90264f33305004495a9","hash":"438a3fff0f5ed5e4d09a51568d09a100ab43964e","contentHash":"723d288591471ed5a561d2a8ab2d41eccac8eba2da794eb2ed6a281d125aaf29"},"/Users/mattriley/Home/Code/agileavatars/src/components/header/title-bar.js":{"path":"/Users/mattriley/Home/Code/agileavatars/src/components/header/title-bar.js","statementMap":{"0":{"start":{"line":1,"column":0},"end":{"line":13,"column":2}},"1":{"start":{"line":1,"column":37},"end":{"line":13,"column":1}},"2":{"start":{"line":3,"column":19},"end":{"line":3,"column":61}},"3":{"start":{"line":5,"column":20},"end":{"line":9,"column":6}},"4":{"start":{"line":11,"column":4},"end":{"line":11,"column":58}}},"fnMap":{"0":{"name":"(anonymous_0)","decl":{"start":{"line":1,"column":17},"end":{"line":1,"column":18}},"loc":{"start":{"line":1,"column":37},"end":{"line":13,"column":1}},"line":1},"1":{"name":"(anonymous_1)","decl":{"start":{"line":1,"column":37},"end":{"line":1,"column":38}},"loc":{"start":{"line":1,"column":43},"end":{"line":13,"column":1}},"line":1}},"branchMap":{},"s":{"0":1,"1":103,"2":1,"3":1,"4":1},"f":{"0":103,"1":1},"b":{},"_coverageSchema":"1a1c01bbd47fc00a2c39e90264f33305004495a9","hash":"a3c5d3b5565c73be5cfb2bb4f9f426b74daf83f0","contentHash":"63629f286aa79d24df13243de43d08846ab5c52685a50cdb3eae203647dbc1c6"},"/Users/mattriley/Home/Code/agileavatars/src/components/image-upload-options/index.js":{"path":"/Users/mattriley/Home/Code/agileavatars/src/components/image-upload-options/index.js","statementMap":{"0":{"start":{"line":1,"column":0},"end":{"line":5,"column":2}}},"fnMap":{},"branchMap":{},"s":{"0":1},"f":{},"b":{},"_coverageSchema":"1a1c01bbd47fc00a2c39e90264f33305004495a9","hash":"c41a3434b6c95c3fbd3976e35118bb3ad7d80e28","contentHash":"5509cb244f7ef7d819f2ef746f2cbceb047db5a1762e595f9185786feb60ed71"},"/Users/mattriley/Home/Code/agileavatars/src/components/image-upload-options/choose-images.js":{"path":"/Users/mattriley/Home/Code/agileavatars/src/components/image-upload-options/choose-images.js","statementMap":{"0":{"start":{"line":1,"column":0},"end":{"line":20,"column":2}},"1":{"start":{"line":1,"column":39},"end":{"line":20,"column":1}},"2":{"start":{"line":3,"column":23},"end":{"line":9,"column":6}},"3":{"start":{"line":8,"column":8},"end":{"line":8,"column":59}},"4":{"start":{"line":11,"column":26},"end":{"line":16,"column":10}},"5":{"start":{"line":13,"column":12},"end":{"line":13,"column":31}},"6":{"start":{"line":14,"column":12},"end":{"line":14,"column":31}},"7":{"start":{"line":15,"column":12},"end":{"line":15,"column":37}},"8":{"start":{"line":18,"column":4},"end":{"line":18,"column":44}}},"fnMap":{"0":{"name":"(anonymous_0)","decl":{"start":{"line":1,"column":17},"end":{"line":1,"column":18}},"loc":{"start":{"line":1,"column":39},"end":{"line":20,"column":1}},"line":1},"1":{"name":"(anonymous_1)","decl":{"start":{"line":1,"column":39},"end":{"line":1,"column":40}},"loc":{"start":{"line":1,"column":45},"end":{"line":20,"column":1}},"line":1},"2":{"name":"(anonymous_2)","decl":{"start":{"line":7,"column":34},"end":{"line":7,"column":35}},"loc":{"start":{"line":7,"column":39},"end":{"line":9,"column":5}},"line":7},"3":{"name":"(anonymous_3)","decl":{"start":{"line":12,"column":35},"end":{"line":12,"column":36}},"loc":{"start":{"line":12,"column":40},"end":{"line":16,"column":9}},"line":12}},"branchMap":{},"s":{"0":1,"1":103,"2":2,"3":1,"4":2,"5":1,"6":1,"7":1,"8":2},"f":{"0":103,"1":2,"2":1,"3":1},"b":{},"_coverageSchema":"1a1c01bbd47fc00a2c39e90264f33305004495a9","hash":"a1944d5bb92deb1693ea605c6c4b5dbfba53177c","contentHash":"b581a49fd28ba28f15f90686e1321661e472c6ac38a27eec04b904d388c3920a"},"/Users/mattriley/Home/Code/agileavatars/src/components/image-upload-options/gravatar.js":{"path":"/Users/mattriley/Home/Code/agileavatars/src/components/image-upload-options/gravatar.js","statementMap":{"0":{"start":{"line":1,"column":0},"end":{"line":8,"column":2}},"1":{"start":{"line":1,"column":39},"end":{"line":8,"column":1}},"2":{"start":{"line":3,"column":4},"end":{"line":6,"column":11}},"3":{"start":{"line":5,"column":12},"end":{"line":5,"column":54}}},"fnMap":{"0":{"name":"(anonymous_0)","decl":{"start":{"line":1,"column":17},"end":{"line":1,"column":18}},"loc":{"start":{"line":1,"column":39},"end":{"line":8,"column":1}},"line":1},"1":{"name":"(anonymous_1)","decl":{"start":{"line":1,"column":39},"end":{"line":1,"column":40}},"loc":{"start":{"line":1,"column":45},"end":{"line":8,"column":1}},"line":1},"2":{"name":"(anonymous_2)","decl":{"start":{"line":4,"column":35},"end":{"line":4,"column":36}},"loc":{"start":{"line":4,"column":41},"end":{"line":6,"column":9}},"line":4}},"branchMap":{},"s":{"0":1,"1":103,"2":2,"3":1},"f":{"0":103,"1":2,"2":1},"b":{},"_coverageSchema":"1a1c01bbd47fc00a2c39e90264f33305004495a9","hash":"209d2c3b5a13db4b9ab6d369cc9b4c7ec7e7924a","contentHash":"08ec672e3f09756df2dd8a590f2be2500796b7d9f1263503b30b987bf58178e8"},"/Users/mattriley/Home/Code/agileavatars/src/components/image-upload-options/image-upload-options.js":{"path":"/Users/mattriley/Home/Code/agileavatars/src/components/image-upload-options/image-upload-options.js","statementMap":{"0":{"start":{"line":1,"column":0},"end":{"line":9,"column":2}},"1":{"start":{"line":1,"column":49},"end":{"line":9,"column":1}},"2":{"start":{"line":3,"column":4},"end":{"line":7,"column":6}}},"fnMap":{"0":{"name":"(anonymous_0)","decl":{"start":{"line":1,"column":17},"end":{"line":1,"column":18}},"loc":{"start":{"line":1,"column":49},"end":{"line":9,"column":1}},"line":1},"1":{"name":"(anonymous_1)","decl":{"start":{"line":1,"column":49},"end":{"line":1,"column":50}},"loc":{"start":{"line":1,"column":55},"end":{"line":9,"column":1}},"line":1}},"branchMap":{},"s":{"0":1,"1":103,"2":1},"f":{"0":103,"1":1},"b":{},"_coverageSchema":"1a1c01bbd47fc00a2c39e90264f33305004495a9","hash":"d71db004618cc446e23b94c29525ead885a54a45","contentHash":"789185dba0ad5c3583abf6fcab6dd5000c93898ebf6626cc3cefdb8fc9d61ee1"},"/Users/mattriley/Home/Code/agileavatars/src/components/modals/index.js":{"path":"/Users/mattriley/Home/Code/agileavatars/src/components/modals/index.js","statementMap":{"0":{"start":{"line":1,"column":0},"end":{"line":5,"column":2}}},"fnMap":{},"branchMap":{},"s":{"0":1},"f":{},"b":{},"_coverageSchema":"1a1c01bbd47fc00a2c39e90264f33305004495a9","hash":"0aaf64ca2e776247d736f289190295e0822348c8","contentHash":"7a3898decc1d0b4372642b8ebc3ccc1fb7ba6ab34789367f0201721633d8409d"},"/Users/mattriley/Home/Code/agileavatars/src/components/modals/gravatar.js":{"path":"/Users/mattriley/Home/Code/agileavatars/src/components/modals/gravatar.js","statementMap":{"0":{"start":{"line":1,"column":0},"end":{"line":10,"column":2}},"1":{"start":{"line":1,"column":37},"end":{"line":10,"column":1}},"2":{"start":{"line":3,"column":4},"end":{"line":8,"column":7}}},"fnMap":{"0":{"name":"(anonymous_0)","decl":{"start":{"line":1,"column":17},"end":{"line":1,"column":18}},"loc":{"start":{"line":1,"column":37},"end":{"line":10,"column":1}},"line":1},"1":{"name":"(anonymous_1)","decl":{"start":{"line":1,"column":37},"end":{"line":1,"column":38}},"loc":{"start":{"line":1,"column":43},"end":{"line":10,"column":1}},"line":1}},"branchMap":{},"s":{"0":1,"1":103,"2":9},"f":{"0":103,"1":9},"b":{},"_coverageSchema":"1a1c01bbd47fc00a2c39e90264f33305004495a9","hash":"94ba7bf4403d40e7d51354ea31a70fd0d42c4343","contentHash":"5edba285ac633e6e0b52075c6ad7f699c1f4490791a1e0360d8c8d59b11322f9"},"/Users/mattriley/Home/Code/agileavatars/src/components/modals/tips.js":{"path":"/Users/mattriley/Home/Code/agileavatars/src/components/modals/tips.js","statementMap":{"0":{"start":{"line":1,"column":0},"end":{"line":22,"column":2}},"1":{"start":{"line":1,"column":41},"end":{"line":22,"column":1}},"2":{"start":{"line":3,"column":76},"end":{"line":3,"column":91}},"3":{"start":{"line":4,"column":21},"end":{"line":4,"column":82}},"4":{"start":{"line":6,"column":18},"end":{"line":6,"column":35}},"5":{"start":{"line":8,"column":4},"end":{"line":14,"column":7}},"6":{"start":{"line":9,"column":21},"end":{"line":9,"column":29}},"7":{"start":{"line":10,"column":8},"end":{"line":10,"column":31}},"8":{"start":{"line":11,"column":25},"end":{"line":11,"column":74}},"9":{"start":{"line":12,"column":8},"end":{"line":12,"column":31}},"10":{"start":{"line":13,"column":8},"end":{"line":13,"column":27}},"11":{"start":{"line":16,"column":4},"end":{"line":20,"column":7}}},"fnMap":{"0":{"name":"(anonymous_0)","decl":{"start":{"line":1,"column":17},"end":{"line":1,"column":18}},"loc":{"start":{"line":1,"column":41},"end":{"line":22,"column":1}},"line":1},"1":{"name":"(anonymous_1)","decl":{"start":{"line":1,"column":41},"end":{"line":1,"column":42}},"loc":{"start":{"line":1,"column":47},"end":{"line":22,"column":1}},"line":1},"2":{"name":"(anonymous_2)","decl":{"start":{"line":8,"column":21},"end":{"line":8,"column":22}},"loc":{"start":{"line":8,"column":31},"end":{"line":14,"column":5}},"line":8}},"branchMap":{},"s":{"0":1,"1":103,"2":2,"3":2,"4":2,"5":2,"6":12,"7":12,"8":12,"9":12,"10":12,"11":2},"f":{"0":103,"1":2,"2":12},"b":{},"_coverageSchema":"1a1c01bbd47fc00a2c39e90264f33305004495a9","hash":"da7e151a5a15012115b6769d983f0091e75c6c0c","contentHash":"eb95dfb48e6a82f7c6de307a042eaca88153a9a9016d98cd962bc183862b0fa7"},"/Users/mattriley/Home/Code/agileavatars/src/components/modals/welcome.js":{"path":"/Users/mattriley/Home/Code/agileavatars/src/components/modals/welcome.js","statementMap":{"0":{"start":{"line":1,"column":0},"end":{"line":23,"column":2}},"1":{"start":{"line":1,"column":59},"end":{"line":23,"column":1}},"2":{"start":{"line":3,"column":21},"end":{"line":5,"column":6}},"3":{"start":{"line":7,"column":19},"end":{"line":10,"column":6}},"4":{"start":{"line":12,"column":22},"end":{"line":12,"column":63}},"5":{"start":{"line":13,"column":4},"end":{"line":13,"column":70}},"6":{"start":{"line":15,"column":21},"end":{"line":15,"column":66}},"7":{"start":{"line":17,"column":4},"end":{"line":21,"column":7}}},"fnMap":{"0":{"name":"(anonymous_0)","decl":{"start":{"line":1,"column":17},"end":{"line":1,"column":18}},"loc":{"start":{"line":1,"column":59},"end":{"line":23,"column":1}},"line":1},"1":{"name":"(anonymous_1)","decl":{"start":{"line":1,"column":59},"end":{"line":1,"column":60}},"loc":{"start":{"line":1,"column":65},"end":{"line":23,"column":1}},"line":1}},"branchMap":{},"s":{"0":1,"1":103,"2":2,"3":2,"4":2,"5":2,"6":2,"7":2},"f":{"0":103,"1":2},"b":{},"_coverageSchema":"1a1c01bbd47fc00a2c39e90264f33305004495a9","hash":"76f3a802f7b293ff5d9cfc2f88ea9fbd6be4a388","contentHash":"31f6092ddbdaeeec84cc6b04119032ac4c1218d3debefbb7d0b4ce1c361b523b"},"/Users/mattriley/Home/Code/agileavatars/src/components/options-bar/index.js":{"path":"/Users/mattriley/Home/Code/agileavatars/src/components/options-bar/index.js","statementMap":{"0":{"start":{"line":1,"column":0},"end":{"line":5,"column":2}}},"fnMap":{},"branchMap":{},"s":{"0":1},"f":{},"b":{},"_coverageSchema":"1a1c01bbd47fc00a2c39e90264f33305004495a9","hash":"4efc63cb6d566c2255383bc20ed503118c12b097","contentHash":"775fc5c1d516d0fa6b28dd614d4bbbab95e52dcfb1162f924f4b82aafd91aead"},"/Users/mattriley/Home/Code/agileavatars/src/components/options-bar/elements/index.js":{"path":"/Users/mattriley/Home/Code/agileavatars/src/components/options-bar/elements/index.js","statementMap":{"0":{"start":{"line":1,"column":0},"end":{"line":4,"column":2}}},"fnMap":{},"branchMap":{},"s":{"0":1},"f":{},"b":{},"_coverageSchema":"1a1c01bbd47fc00a2c39e90264f33305004495a9","hash":"da2c710688d5d587abbd4ae3b77f6892642234c3","contentHash":"fe84a750592a35c9341bd6d6cae9050538153046dfbeba8632effa7189081d34"},"/Users/mattriley/Home/Code/agileavatars/src/components/options-bar/elements/number-option.js":{"path":"/Users/mattriley/Home/Code/agileavatars/src/components/options-bar/elements/number-option.js","statementMap":{"0":{"start":{"line":1,"column":19},"end":{"line":1,"column":47}},"1":{"start":{"line":3,"column":0},"end":{"line":19,"column":2}},"2":{"start":{"line":3,"column":68},"end":{"line":19,"column":1}},"3":{"start":{"line":5,"column":31},"end":{"line":5,"column":57}},"4":{"start":{"line":7,"column":20},"end":{"line":10,"column":10}},"5":{"start":{"line":9,"column":12},"end":{"line":9,"column":71}},"6":{"start":{"line":12,"column":4},"end":{"line":14,"column":7}},"7":{"start":{"line":13,"column":8},"end":{"line":13,"column":28}},"8":{"start":{"line":16,"column":22},"end":{"line":16,"column":44}},"9":{"start":{"line":17,"column":4},"end":{"line":17,"column":46}}},"fnMap":{"0":{"name":"(anonymous_0)","decl":{"start":{"line":3,"column":17},"end":{"line":3,"column":18}},"loc":{"start":{"line":3,"column":68},"end":{"line":19,"column":1}},"line":3},"1":{"name":"(anonymous_1)","decl":{"start":{"line":3,"column":68},"end":{"line":3,"column":69}},"loc":{"start":{"line":3,"column":82},"end":{"line":19,"column":1}},"line":3},"2":{"name":"(anonymous_2)","decl":{"start":{"line":8,"column":35},"end":{"line":8,"column":36}},"loc":{"start":{"line":8,"column":40},"end":{"line":10,"column":9}},"line":8},"3":{"name":"(anonymous_3)","decl":{"start":{"line":12,"column":56},"end":{"line":12,"column":57}},"loc":{"start":{"line":12,"column":63},"end":{"line":14,"column":5}},"line":12}},"branchMap":{},"s":{"0":1,"1":1,"2":103,"3":16,"4":16,"5":8,"6":16,"7":24,"8":16,"9":16},"f":{"0":103,"1":16,"2":8,"3":24},"b":{},"_coverageSchema":"1a1c01bbd47fc00a2c39e90264f33305004495a9","hash":"f9c30252d8eb4c3ecc1de030ab5564ce60f2d50e","contentHash":"146c43dcc0206cc651f46ead0f08b93ba414d2d664fe410418add88a509ced0e"},"/Users/mattriley/Home/Code/agileavatars/src/components/options-bar/elements/shape-option.js":{"path":"/Users/mattriley/Home/Code/agileavatars/src/components/options-bar/elements/shape-option.js","statementMap":{"0":{"start":{"line":1,"column":0},"end":{"line":24,"column":2}},"1":{"start":{"line":1,"column":67},"end":{"line":24,"column":1}},"2":{"start":{"line":3,"column":19},"end":{"line":13,"column":6}},"3":{"start":{"line":7,"column":8},"end":{"line":7,"column":59}},"4":{"start":{"line":9,"column":8},"end":{"line":12,"column":9}},"5":{"start":{"line":10,"column":12},"end":{"line":10,"column":27}},"6":{"start":{"line":11,"column":12},"end":{"line":11,"column":31}},"7":{"start":{"line":15,"column":25},"end":{"line":15,"column":67}},"8":{"start":{"line":16,"column":4},"end":{"line":16,"column":51}},"9":{"start":{"line":18,"column":4},"end":{"line":20,"column":7}},"10":{"start":{"line":19,"column":8},"end":{"line":19,"column":80}},"11":{"start":{"line":22,"column":4},"end":{"line":22,"column":18}}},"fnMap":{"0":{"name":"(anonymous_0)","decl":{"start":{"line":1,"column":17},"end":{"line":1,"column":18}},"loc":{"start":{"line":1,"column":67},"end":{"line":24,"column":1}},"line":1},"1":{"name":"(anonymous_1)","decl":{"start":{"line":1,"column":67},"end":{"line":1,"column":68}},"loc":{"start":{"line":1,"column":80},"end":{"line":24,"column":1}},"line":1},"2":{"name":"(anonymous_2)","decl":{"start":{"line":6,"column":33},"end":{"line":6,"column":34}},"loc":{"start":{"line":6,"column":39},"end":{"line":8,"column":5}},"line":6},"3":{"name":"(anonymous_3)","decl":{"start":{"line":8,"column":35},"end":{"line":8,"column":36}},"loc":{"start":{"line":8,"column":40},"end":{"line":13,"column":5}},"line":8},"4":{"name":"(anonymous_4)","decl":{"start":{"line":18,"column":53},"end":{"line":18,"column":54}},"loc":{"start":{"line":18,"column":70},"end":{"line":20,"column":5}},"line":18}},"branchMap":{"0":{"loc":{"start":{"line":9,"column":8},"end":{"line":12,"column":9}},"type":"if","locations":[{"start":{"line":9,"column":8},"end":{"line":12,"column":9}},{"start":{"line":9,"column":8},"end":{"line":12,"column":9}}],"line":9},"1":{"loc":{"start":{"line":15,"column":25},"end":{"line":15,"column":67}},"type":"binary-expr","locations":[{"start":{"line":15,"column":25},"end":{"line":15,"column":62}},{"start":{"line":15,"column":66},"end":{"line":15,"column":67}}],"line":15}},"s":{"0":1,"1":103,"2":12,"3":7,"4":3,"5":2,"6":2,"7":12,"8":12,"9":12,"10":24,"11":12},"f":{"0":103,"1":12,"2":7,"3":3,"4":24},"b":{"0":[2,1],"1":[12,3]},"_coverageSchema":"1a1c01bbd47fc00a2c39e90264f33305004495a9","hash":"eff290761229b9266e7b41b8ac99de7fac41e9b6","contentHash":"2bc5542bc6ee1ca31187d4b57de6a86aa8556263710083cdc979288274d3a841"},"/Users/mattriley/Home/Code/agileavatars/src/components/options-bar/options/index.js":{"path":"/Users/mattriley/Home/Code/agileavatars/src/components/options-bar/options/index.js","statementMap":{"0":{"start":{"line":1,"column":0},"end":{"line":8,"column":2}}},"fnMap":{},"branchMap":{},"s":{"0":1},"f":{},"b":{},"_coverageSchema":"1a1c01bbd47fc00a2c39e90264f33305004495a9","hash":"8e6046cb1c3bf5ce653cb0d627826ef342f703c6","contentHash":"52a66da666fffcb5381cb65ae4e8aa7034e153cf6dc0d7dce16d563d97f90dba"},"/Users/mattriley/Home/Code/agileavatars/src/components/options-bar/options/modes.js":{"path":"/Users/mattriley/Home/Code/agileavatars/src/components/options-bar/options/modes.js","statementMap":{"0":{"start":{"line":1,"column":0},"end":{"line":6,"column":2}},"1":{"start":{"line":1,"column":49},"end":{"line":6,"column":1}},"2":{"start":{"line":3,"column":20},"end":{"line":3,"column":78}},"3":{"start":{"line":4,"column":4},"end":{"line":4,"column":41}}},"fnMap":{"0":{"name":"(anonymous_0)","decl":{"start":{"line":1,"column":17},"end":{"line":1,"column":18}},"loc":{"start":{"line":1,"column":49},"end":{"line":6,"column":1}},"line":1},"1":{"name":"(anonymous_1)","decl":{"start":{"line":1,"column":49},"end":{"line":1,"column":50}},"loc":{"start":{"line":1,"column":55},"end":{"line":6,"column":1}},"line":1}},"branchMap":{},"s":{"0":1,"1":103,"2":2,"3":2},"f":{"0":103,"1":2},"b":{},"_coverageSchema":"1a1c01bbd47fc00a2c39e90264f33305004495a9","hash":"8ec8c326a9610eb78a7e8a3e85a9e2d9d8f3ba22","contentHash":"76537ec357214b786013d49e1a05a47b1ba1c2d1d100c0244be015a73b9df4d4"},"/Users/mattriley/Home/Code/agileavatars/src/components/options-bar/options/outline.js":{"path":"/Users/mattriley/Home/Code/agileavatars/src/components/options-bar/options/outline.js","statementMap":{"0":{"start":{"line":1,"column":0},"end":{"line":14,"column":2}},"1":{"start":{"line":1,"column":64},"end":{"line":14,"column":1}},"2":{"start":{"line":3,"column":25},"end":{"line":6,"column":10}},"3":{"start":{"line":5,"column":12},"end":{"line":5,"column":76}},"4":{"start":{"line":8,"column":4},"end":{"line":10,"column":7}},"5":{"start":{"line":9,"column":8},"end":{"line":9,"column":39}},"6":{"start":{"line":12,"column":4},"end":{"line":12,"column":56}}},"fnMap":{"0":{"name":"(anonymous_0)","decl":{"start":{"line":1,"column":17},"end":{"line":1,"column":18}},"loc":{"start":{"line":1,"column":64},"end":{"line":14,"column":1}},"line":1},"1":{"name":"(anonymous_1)","decl":{"start":{"line":1,"column":64},"end":{"line":1,"column":65}},"loc":{"start":{"line":1,"column":70},"end":{"line":14,"column":1}},"line":1},"2":{"name":"(anonymous_2)","decl":{"start":{"line":4,"column":36},"end":{"line":4,"column":37}},"loc":{"start":{"line":4,"column":42},"end":{"line":6,"column":9}},"line":4},"3":{"name":"(anonymous_3)","decl":{"start":{"line":8,"column":55},"end":{"line":8,"column":56}},"loc":{"start":{"line":8,"column":66},"end":{"line":10,"column":5}},"line":8}},"branchMap":{},"s":{"0":1,"1":103,"2":4,"3":2,"4":4,"5":6,"6":4},"f":{"0":103,"1":4,"2":2,"3":6},"b":{},"_coverageSchema":"1a1c01bbd47fc00a2c39e90264f33305004495a9","hash":"0409934be31e9ef9a5e91ef9b0a5cad21a79422a","contentHash":"5a22e2ff23708a9dfaa8c0834be98ae8100e1ac1c58975f770602645e26ca9f8"},"/Users/mattriley/Home/Code/agileavatars/src/components/options-bar/options/shapes.js":{"path":"/Users/mattriley/Home/Code/agileavatars/src/components/options-bar/options/shapes.js","statementMap":{"0":{"start":{"line":1,"column":0},"end":{"line":6,"column":2}},"1":{"start":{"line":1,"column":49},"end":{"line":6,"column":1}},"2":{"start":{"line":3,"column":21},"end":{"line":3,"column":79}},"3":{"start":{"line":4,"column":4},"end":{"line":4,"column":42}}},"fnMap":{"0":{"name":"(anonymous_0)","decl":{"start":{"line":1,"column":17},"end":{"line":1,"column":18}},"loc":{"start":{"line":1,"column":49},"end":{"line":6,"column":1}},"line":1},"1":{"name":"(anonymous_1)","decl":{"start":{"line":1,"column":49},"end":{"line":1,"column":50}},"loc":{"start":{"line":1,"column":55},"end":{"line":6,"column":1}},"line":1}},"branchMap":{},"s":{"0":1,"1":103,"2":2,"3":2},"f":{"0":103,"1":2},"b":{},"_coverageSchema":"1a1c01bbd47fc00a2c39e90264f33305004495a9","hash":"5d810189b7bfc713dbd5114d051e889a15d8bd7e","contentHash":"70a7c258ed144f207e299d6315a344df260ab1450bbc240f1a89af464ccc73ff"},"/Users/mattriley/Home/Code/agileavatars/src/components/options-bar/options/size.js":{"path":"/Users/mattriley/Home/Code/agileavatars/src/components/options-bar/options/size.js","statementMap":{"0":{"start":{"line":1,"column":0},"end":{"line":1,"column":84}},"1":{"start":{"line":1,"column":37},"end":{"line":1,"column":83}},"2":{"start":{"line":1,"column":43},"end":{"line":1,"column":83}}},"fnMap":{"0":{"name":"(anonymous_0)","decl":{"start":{"line":1,"column":17},"end":{"line":1,"column":18}},"loc":{"start":{"line":1,"column":37},"end":{"line":1,"column":83}},"line":1},"1":{"name":"(anonymous_1)","decl":{"start":{"line":1,"column":37},"end":{"line":1,"column":38}},"loc":{"start":{"line":1,"column":43},"end":{"line":1,"column":83}},"line":1}},"branchMap":{},"s":{"0":1,"1":103,"2":4},"f":{"0":103,"1":4},"b":{},"_coverageSchema":"1a1c01bbd47fc00a2c39e90264f33305004495a9","hash":"5b818870cfa3791ddf1403d90d92a67cd74ccdb9","contentHash":"043fba481dfa278697aea20f8edb48e4009e7cb02e272c7d911154ae55286803"},"/Users/mattriley/Home/Code/agileavatars/src/components/options-bar/options/sort.js":{"path":"/Users/mattriley/Home/Code/agileavatars/src/components/options-bar/options/sort.js","statementMap":{"0":{"start":{"line":1,"column":0},"end":{"line":19,"column":2}},"1":{"start":{"line":1,"column":72},"end":{"line":19,"column":1}},"2":{"start":{"line":3,"column":22},"end":{"line":5,"column":6}},"3":{"start":{"line":4,"column":8},"end":{"line":4,"column":52}},"4":{"start":{"line":7,"column":24},"end":{"line":11,"column":10}},"5":{"start":{"line":10,"column":12},"end":{"line":10,"column":70}},"6":{"start":{"line":13,"column":4},"end":{"line":15,"column":7}},"7":{"start":{"line":14,"column":8},"end":{"line":14,"column":33}},"8":{"start":{"line":17,"column":4},"end":{"line":17,"column":57}}},"fnMap":{"0":{"name":"(anonymous_0)","decl":{"start":{"line":1,"column":17},"end":{"line":1,"column":18}},"loc":{"start":{"line":1,"column":72},"end":{"line":19,"column":1}},"line":1},"1":{"name":"(anonymous_1)","decl":{"start":{"line":1,"column":72},"end":{"line":1,"column":73}},"loc":{"start":{"line":1,"column":78},"end":{"line":19,"column":1}},"line":1},"2":{"name":"(anonymous_2)","decl":{"start":{"line":3,"column":62},"end":{"line":3,"column":63}},"loc":{"start":{"line":3,"column":88},"end":{"line":5,"column":5}},"line":3},"3":{"name":"(anonymous_3)","decl":{"start":{"line":9,"column":36},"end":{"line":9,"column":37}},"loc":{"start":{"line":9,"column":42},"end":{"line":11,"column":9}},"line":9},"4":{"name":"(anonymous_4)","decl":{"start":{"line":13,"column":52},"end":{"line":13,"column":53}},"loc":{"start":{"line":13,"column":60},"end":{"line":15,"column":5}},"line":13}},"branchMap":{},"s":{"0":1,"1":103,"2":6,"3":18,"4":6,"5":6,"6":6,"7":12,"8":6},"f":{"0":103,"1":6,"2":18,"3":6,"4":12},"b":{},"_coverageSchema":"1a1c01bbd47fc00a2c39e90264f33305004495a9","hash":"66aba7b276625cbfc3e9bd484e516c3c34d45195","contentHash":"cb42c3131cccd10934fa4344f74eb38c429c9f3ca22d09b16a35cee0562dbf33"},"/Users/mattriley/Home/Code/agileavatars/src/components/options-bar/options/spacing.js":{"path":"/Users/mattriley/Home/Code/agileavatars/src/components/options-bar/options/spacing.js","statementMap":{"0":{"start":{"line":1,"column":0},"end":{"line":1,"column":87}},"1":{"start":{"line":1,"column":37},"end":{"line":1,"column":86}},"2":{"start":{"line":1,"column":43},"end":{"line":1,"column":86}}},"fnMap":{"0":{"name":"(anonymous_0)","decl":{"start":{"line":1,"column":17},"end":{"line":1,"column":18}},"loc":{"start":{"line":1,"column":37},"end":{"line":1,"column":86}},"line":1},"1":{"name":"(anonymous_1)","decl":{"start":{"line":1,"column":37},"end":{"line":1,"column":38}},"loc":{"start":{"line":1,"column":43},"end":{"line":1,"column":86}},"line":1}},"branchMap":{},"s":{"0":1,"1":103,"2":4},"f":{"0":103,"1":4},"b":{},"_coverageSchema":"1a1c01bbd47fc00a2c39e90264f33305004495a9","hash":"f5cb1fc995b6efd5b4e3529dc83bb24e4c5848c5","contentHash":"b088c5eaa59b4d9fe20457f5cff61093be7a0d93f89548d7bb73f763b6ed2cdb"},"/Users/mattriley/Home/Code/agileavatars/src/components/options-bar/options-bar.js":{"path":"/Users/mattriley/Home/Code/agileavatars/src/components/options-bar/options-bar.js","statementMap":{"0":{"start":{"line":1,"column":0},"end":{"line":16,"column":2}},"1":{"start":{"line":1,"column":75},"end":{"line":16,"column":1}},"2":{"start":{"line":3,"column":24},"end":{"line":6,"column":6}},"3":{"start":{"line":8,"column":4},"end":{"line":8,"column":56}},"4":{"start":{"line":10,"column":4},"end":{"line":12,"column":7}},"5":{"start":{"line":11,"column":8},"end":{"line":11,"column":61}},"6":{"start":{"line":14,"column":4},"end":{"line":14,"column":23}}},"fnMap":{"0":{"name":"(anonymous_0)","decl":{"start":{"line":1,"column":17},"end":{"line":1,"column":18}},"loc":{"start":{"line":1,"column":75},"end":{"line":16,"column":1}},"line":1},"1":{"name":"(anonymous_1)","decl":{"start":{"line":1,"column":75},"end":{"line":1,"column":76}},"loc":{"start":{"line":1,"column":81},"end":{"line":16,"column":1}},"line":1},"2":{"name":"(anonymous_2)","decl":{"start":{"line":10,"column":37},"end":{"line":10,"column":38}},"loc":{"start":{"line":10,"column":43},"end":{"line":12,"column":5}},"line":10}},"branchMap":{},"s":{"0":1,"1":103,"2":2,"3":2,"4":2,"5":1,"6":2},"f":{"0":103,"1":2,"2":1},"b":{},"_coverageSchema":"1a1c01bbd47fc00a2c39e90264f33305004495a9","hash":"0fc1bf4c81b91781422c4e809f4098eb7adb29f7","contentHash":"99ad58239174d47532a26853d3882e26c18dc215dc9566c181b5e53bbb5b9e6f"},"/Users/mattriley/Home/Code/agileavatars/src/components/role-list/index.js":{"path":"/Users/mattriley/Home/Code/agileavatars/src/components/role-list/index.js","statementMap":{"0":{"start":{"line":1,"column":0},"end":{"line":4,"column":2}}},"fnMap":{},"branchMap":{},"s":{"0":1},"f":{},"b":{},"_coverageSchema":"1a1c01bbd47fc00a2c39e90264f33305004495a9","hash":"2b5abd1b1e92917de76b7d03168dff049444c14c","contentHash":"dbae8b0fdf6a65b9b2c8c193ec9be8337adaf3f3dd6163a7577d7811118afc31"},"/Users/mattriley/Home/Code/agileavatars/src/components/role-list/role-customiser/index.js":{"path":"/Users/mattriley/Home/Code/agileavatars/src/components/role-list/role-customiser/index.js","statementMap":{"0":{"start":{"line":1,"column":0},"end":{"line":5,"column":2}}},"fnMap":{},"branchMap":{},"s":{"0":1},"f":{},"b":{},"_coverageSchema":"1a1c01bbd47fc00a2c39e90264f33305004495a9","hash":"e39d0c1073b972895ce7358ae0de5075daeb4451","contentHash":"3353a8d4db1c9f00703f765fcd14e19d2f1a5440e38d5206b78c20e4da44eaea"},"/Users/mattriley/Home/Code/agileavatars/src/components/role-list/role-customiser/master-role-name.js":{"path":"/Users/mattriley/Home/Code/agileavatars/src/components/role-list/role-customiser/master-role-name.js","statementMap":{"0":{"start":{"line":1,"column":0},"end":{"line":14,"column":2}},"1":{"start":{"line":1,"column":60},"end":{"line":14,"column":1}},"2":{"start":{"line":3,"column":22},"end":{"line":6,"column":10}},"3":{"start":{"line":5,"column":12},"end":{"line":5,"column":73}},"4":{"start":{"line":8,"column":4},"end":{"line":10,"column":7}},"5":{"start":{"line":9,"column":8},"end":{"line":9,"column":41}},"6":{"start":{"line":12,"column":4},"end":{"line":12,"column":21}}},"fnMap":{"0":{"name":"(anonymous_0)","decl":{"start":{"line":1,"column":17},"end":{"line":1,"column":18}},"loc":{"start":{"line":1,"column":60},"end":{"line":14,"column":1}},"line":1},"1":{"name":"(anonymous_1)","decl":{"start":{"line":1,"column":60},"end":{"line":1,"column":61}},"loc":{"start":{"line":1,"column":70},"end":{"line":14,"column":1}},"line":1},"2":{"name":"(anonymous_2)","decl":{"start":{"line":4,"column":36},"end":{"line":4,"column":37}},"loc":{"start":{"line":4,"column":42},"end":{"line":6,"column":9}},"line":4},"3":{"name":"(anonymous_3)","decl":{"start":{"line":8,"column":53},"end":{"line":8,"column":54}},"loc":{"start":{"line":8,"column":65},"end":{"line":10,"column":5}},"line":8}},"branchMap":{},"s":{"0":1,"1":103,"2":7,"3":1,"4":7,"5":8,"6":7},"f":{"0":103,"1":7,"2":1,"3":8},"b":{},"_coverageSchema":"1a1c01bbd47fc00a2c39e90264f33305004495a9","hash":"ce7793436168d91a9c405dcc767f182363e1d79c","contentHash":"a8140abb6b6797e00ee12f3c942b7cdce2090921eae03386c5e278e5ab84b34b"},"/Users/mattriley/Home/Code/agileavatars/src/components/role-list/role-customiser/role-color-picker.js":{"path":"/Users/mattriley/Home/Code/agileavatars/src/components/role-list/role-customiser/role-color-picker.js","statementMap":{"0":{"start":{"line":1,"column":0},"end":{"line":11,"column":2}},"1":{"start":{"line":1,"column":51},"end":{"line":11,"column":1}},"2":{"start":{"line":3,"column":17},"end":{"line":3,"column":47}},"3":{"start":{"line":5,"column":4},"end":{"line":9,"column":7}},"4":{"start":{"line":8,"column":23},"end":{"line":8,"column":68}}},"fnMap":{"0":{"name":"(anonymous_0)","decl":{"start":{"line":1,"column":17},"end":{"line":1,"column":18}},"loc":{"start":{"line":1,"column":51},"end":{"line":11,"column":1}},"line":1},"1":{"name":"(anonymous_1)","decl":{"start":{"line":1,"column":51},"end":{"line":1,"column":52}},"loc":{"start":{"line":1,"column":61},"end":{"line":11,"column":1}},"line":1},"2":{"name":"(anonymous_2)","decl":{"start":{"line":8,"column":18},"end":{"line":8,"column":19}},"loc":{"start":{"line":8,"column":23},"end":{"line":8,"column":68}},"line":8}},"branchMap":{},"s":{"0":1,"1":103,"2":7,"3":7,"4":9},"f":{"0":103,"1":7,"2":9},"b":{},"_coverageSchema":"1a1c01bbd47fc00a2c39e90264f33305004495a9","hash":"a978c9e826a75182d68bb215abcb5d38953c3bf0","contentHash":"b1cf51440a5f4549ab793cbd044adc2933eb624a954f81971c1aaefd15e0425f"},"/Users/mattriley/Home/Code/agileavatars/src/components/role-list/role-customiser/role-customiser.js":{"path":"/Users/mattriley/Home/Code/agileavatars/src/components/role-list/role-customiser/role-customiser.js","statementMap":{"0":{"start":{"line":1,"column":0},"end":{"line":11,"column":2}},"1":{"start":{"line":1,"column":55},"end":{"line":11,"column":1}},"2":{"start":{"line":3,"column":28},"end":{"line":3,"column":65}},"3":{"start":{"line":4,"column":25},"end":{"line":4,"column":63}},"4":{"start":{"line":6,"column":22},"end":{"line":6,"column":54}},"5":{"start":{"line":8,"column":4},"end":{"line":9,"column":47}}},"fnMap":{"0":{"name":"(anonymous_0)","decl":{"start":{"line":1,"column":17},"end":{"line":1,"column":18}},"loc":{"start":{"line":1,"column":55},"end":{"line":11,"column":1}},"line":1},"1":{"name":"(anonymous_1)","decl":{"start":{"line":1,"column":55},"end":{"line":1,"column":56}},"loc":{"start":{"line":1,"column":65},"end":{"line":11,"column":1}},"line":1}},"branchMap":{},"s":{"0":1,"1":103,"2":7,"3":7,"4":7,"5":7},"f":{"0":103,"1":7},"b":{},"_coverageSchema":"1a1c01bbd47fc00a2c39e90264f33305004495a9","hash":"e47ec9b6ad44b878ab1787ae5cbe9f48edda3d90","contentHash":"9f1689d7c6227c3ec5c3de64b7df5d1cd320a498cc5c723f2bbfc23f8e89c3a0"},"/Users/mattriley/Home/Code/agileavatars/src/components/role-list/role-list.js":{"path":"/Users/mattriley/Home/Code/agileavatars/src/components/role-list/role-list.js","statementMap":{"0":{"start":{"line":1,"column":0},"end":{"line":16,"column":2}},"1":{"start":{"line":1,"column":59},"end":{"line":16,"column":1}},"2":{"start":{"line":3,"column":22},"end":{"line":3,"column":58}},"3":{"start":{"line":5,"column":4},"end":{"line":8,"column":7}},"4":{"start":{"line":6,"column":22},"end":{"line":6,"column":53}},"5":{"start":{"line":7,"column":8},"end":{"line":7,"column":32}},"6":{"start":{"line":10,"column":4},"end":{"line":12,"column":7}},"7":{"start":{"line":11,"column":8},"end":{"line":11,"column":59}},"8":{"start":{"line":14,"column":4},"end":{"line":14,"column":21}}},"fnMap":{"0":{"name":"(anonymous_0)","decl":{"start":{"line":1,"column":17},"end":{"line":1,"column":18}},"loc":{"start":{"line":1,"column":59},"end":{"line":16,"column":1}},"line":1},"1":{"name":"(anonymous_1)","decl":{"start":{"line":1,"column":59},"end":{"line":1,"column":60}},"loc":{"start":{"line":1,"column":65},"end":{"line":16,"column":1}},"line":1},"2":{"name":"(anonymous_2)","decl":{"start":{"line":5,"column":33},"end":{"line":5,"column":34}},"loc":{"start":{"line":5,"column":43},"end":{"line":8,"column":5}},"line":5},"3":{"name":"(anonymous_3)","decl":{"start":{"line":10,"column":38},"end":{"line":10,"column":39}},"loc":{"start":{"line":10,"column":44},"end":{"line":12,"column":5}},"line":10}},"branchMap":{},"s":{"0":1,"1":103,"2":2,"3":2,"4":2,"5":2,"6":2,"7":1,"8":2},"f":{"0":103,"1":2,"2":2,"3":1},"b":{},"_coverageSchema":"1a1c01bbd47fc00a2c39e90264f33305004495a9","hash":"c53fc9f6c4be5d8530d495f4269ca13e465602e3","contentHash":"0a73e6315e6d963fcb0f5701c4afefa9da86721952236ce2c482d33dd1eac715"},"/Users/mattriley/Home/Code/agileavatars/src/components/styles/index.js":{"path":"/Users/mattriley/Home/Code/agileavatars/src/components/styles/index.js","statementMap":{"0":{"start":{"line":1,"column":0},"end":{"line":10,"column":2}}},"fnMap":{},"branchMap":{},"s":{"0":1},"f":{},"b":{},"_coverageSchema":"1a1c01bbd47fc00a2c39e90264f33305004495a9","hash":"30986b5e140d062229f6de3539511afc33f8c7f0","contentHash":"74d4010f4b31462dd6bb2db41d0bcef274cbcc7d249f19dbd47f7269d3e037db"},"/Users/mattriley/Home/Code/agileavatars/src/components/styles/role.js":{"path":"/Users/mattriley/Home/Code/agileavatars/src/components/styles/role.js","statementMap":{"0":{"start":{"line":1,"column":0},"end":{"line":14,"column":2}},"1":{"start":{"line":1,"column":44},"end":{"line":14,"column":1}},"2":{"start":{"line":3,"column":19},"end":{"line":3,"column":30}},"3":{"start":{"line":5,"column":4},"end":{"line":10,"column":7}},"4":{"start":{"line":6,"column":8},"end":{"line":9,"column":10}},"5":{"start":{"line":12,"column":4},"end":{"line":12,"column":18}}},"fnMap":{"0":{"name":"(anonymous_0)","decl":{"start":{"line":1,"column":17},"end":{"line":1,"column":18}},"loc":{"start":{"line":1,"column":44},"end":{"line":14,"column":1}},"line":1},"1":{"name":"(anonymous_1)","decl":{"start":{"line":1,"column":44},"end":{"line":1,"column":45}},"loc":{"start":{"line":1,"column":54},"end":{"line":14,"column":1}},"line":1},"2":{"name":"(anonymous_2)","decl":{"start":{"line":5,"column":50},"end":{"line":5,"column":51}},"loc":{"start":{"line":5,"column":59},"end":{"line":10,"column":5}},"line":5}},"branchMap":{},"s":{"0":1,"1":103,"2":2,"3":2,"4":6,"5":2},"f":{"0":103,"1":2,"2":6},"b":{},"_coverageSchema":"1a1c01bbd47fc00a2c39e90264f33305004495a9","hash":"5b3561a4ae878eaa563edbb2c43235ecea38ebef","contentHash":"9b61c986d20f291109ba36eed8889d0fcac3fcfbcf28795477abd1800ef6a460"},"/Users/mattriley/Home/Code/agileavatars/src/components/styles/styles.js":{"path":"/Users/mattriley/Home/Code/agileavatars/src/components/styles/styles.js","statementMap":{"0":{"start":{"line":1,"column":0},"end":{"line":16,"column":2}},"1":{"start":{"line":1,"column":52},"end":{"line":16,"column":1}},"2":{"start":{"line":3,"column":20},"end":{"line":9,"column":5}},"3":{"start":{"line":11,"column":4},"end":{"line":11,"column":80}},"4":{"start":{"line":11,"column":43},"end":{"line":11,"column":78}},"5":{"start":{"line":12,"column":4},"end":{"line":12,"column":81}},"6":{"start":{"line":12,"column":41},"end":{"line":12,"column":79}},"7":{"start":{"line":14,"column":4},"end":{"line":14,"column":19}}},"fnMap":{"0":{"name":"(anonymous_0)","decl":{"start":{"line":1,"column":17},"end":{"line":1,"column":18}},"loc":{"start":{"line":1,"column":52},"end":{"line":16,"column":1}},"line":1},"1":{"name":"(anonymous_1)","decl":{"start":{"line":1,"column":52},"end":{"line":1,"column":53}},"loc":{"start":{"line":1,"column":58},"end":{"line":16,"column":1}},"line":1},"2":{"name":"(anonymous_2)","decl":{"start":{"line":11,"column":33},"end":{"line":11,"column":34}},"loc":{"start":{"line":11,"column":43},"end":{"line":11,"column":78}},"line":11},"3":{"name":"(anonymous_3)","decl":{"start":{"line":12,"column":32},"end":{"line":12,"column":33}},"loc":{"start":{"line":12,"column":41},"end":{"line":12,"column":79}},"line":12}},"branchMap":{},"s":{"0":1,"1":103,"2":12,"3":12,"4":2,"5":12,"6":9,"7":12},"f":{"0":103,"1":12,"2":2,"3":9},"b":{},"_coverageSchema":"1a1c01bbd47fc00a2c39e90264f33305004495a9","hash":"c2e3aeb786c34ed62d144480c9373767a54ff53e","contentHash":"25b87691042ce1e8ccad7e0f849a1c70c800e6ee43d035be50e1492848db9838"},"/Users/mattriley/Home/Code/agileavatars/src/components/styles/tag-image.js":{"path":"/Users/mattriley/Home/Code/agileavatars/src/components/styles/tag-image.js","statementMap":{"0":{"start":{"line":1,"column":0},"end":{"line":11,"column":2}},"1":{"start":{"line":1,"column":44},"end":{"line":11,"column":1}},"2":{"start":{"line":3,"column":19},"end":{"line":3,"column":30}},"3":{"start":{"line":5,"column":4},"end":{"line":7,"column":7}},"4":{"start":{"line":6,"column":8},"end":{"line":6,"column":92}},"5":{"start":{"line":9,"column":4},"end":{"line":9,"column":18}}},"fnMap":{"0":{"name":"(anonymous_0)","decl":{"start":{"line":1,"column":17},"end":{"line":1,"column":18}},"loc":{"start":{"line":1,"column":44},"end":{"line":11,"column":1}},"line":1},"1":{"name":"(anonymous_1)","decl":{"start":{"line":1,"column":44},"end":{"line":1,"column":45}},"loc":{"start":{"line":1,"column":53},"end":{"line":11,"column":1}},"line":1},"2":{"name":"(anonymous_2)","decl":{"start":{"line":5,"column":48},"end":{"line":5,"column":49}},"loc":{"start":{"line":5,"column":57},"end":{"line":7,"column":5}},"line":5}},"branchMap":{},"s":{"0":1,"1":103,"2":9,"3":9,"4":9,"5":9},"f":{"0":103,"1":9,"2":9},"b":{},"_coverageSchema":"1a1c01bbd47fc00a2c39e90264f33305004495a9","hash":"41972a2e58e9bf6d83195ca43ede3a5488db1f20","contentHash":"36c8a5b014503449412071b7da84639fab941c329faee6c58a39374b1abc853e"},"/Users/mattriley/Home/Code/agileavatars/src/components/styles/tag-outline.js":{"path":"/Users/mattriley/Home/Code/agileavatars/src/components/styles/tag-outline.js","statementMap":{"0":{"start":{"line":1,"column":0},"end":{"line":11,"column":2}},"1":{"start":{"line":1,"column":44},"end":{"line":11,"column":1}},"2":{"start":{"line":3,"column":19},"end":{"line":3,"column":30}},"3":{"start":{"line":5,"column":4},"end":{"line":7,"column":7}},"4":{"start":{"line":6,"column":8},"end":{"line":6,"column":82}},"5":{"start":{"line":9,"column":4},"end":{"line":9,"column":18}}},"fnMap":{"0":{"name":"(anonymous_0)","decl":{"start":{"line":1,"column":17},"end":{"line":1,"column":18}},"loc":{"start":{"line":1,"column":44},"end":{"line":11,"column":1}},"line":1},"1":{"name":"(anonymous_1)","decl":{"start":{"line":1,"column":44},"end":{"line":1,"column":45}},"loc":{"start":{"line":1,"column":50},"end":{"line":11,"column":1}},"line":1},"2":{"name":"(anonymous_2)","decl":{"start":{"line":5,"column":55},"end":{"line":5,"column":56}},"loc":{"start":{"line":5,"column":66},"end":{"line":7,"column":5}},"line":5}},"branchMap":{"0":{"loc":{"start":{"line":6,"column":29},"end":{"line":6,"column":81}},"type":"cond-expr","locations":[{"start":{"line":6,"column":39},"end":{"line":6,"column":41}},{"start":{"line":6,"column":44},"end":{"line":6,"column":81}}],"line":6}},"s":{"0":1,"1":103,"2":12,"3":12,"4":14,"5":12},"f":{"0":103,"1":12,"2":14},"b":{"0":[12,2]},"_coverageSchema":"1a1c01bbd47fc00a2c39e90264f33305004495a9","hash":"98a93f8d44f9d00b31bca54b649d2cd19df10464","contentHash":"744be6f599c30eb53927cfc2d0c871254775297bf13c556154c75b9cdc9a68bb"},"/Users/mattriley/Home/Code/agileavatars/src/components/styles/tag-shape.js":{"path":"/Users/mattriley/Home/Code/agileavatars/src/components/styles/tag-shape.js","statementMap":{"0":{"start":{"line":1,"column":0},"end":{"line":12,"column":2}},"1":{"start":{"line":1,"column":52},"end":{"line":12,"column":1}},"2":{"start":{"line":3,"column":19},"end":{"line":3,"column":30}},"3":{"start":{"line":5,"column":4},"end":{"line":8,"column":7}},"4":{"start":{"line":6,"column":29},"end":{"line":6,"column":62}},"5":{"start":{"line":7,"column":8},"end":{"line":7,"column":79}},"6":{"start":{"line":10,"column":4},"end":{"line":10,"column":18}}},"fnMap":{"0":{"name":"(anonymous_0)","decl":{"start":{"line":1,"column":17},"end":{"line":1,"column":18}},"loc":{"start":{"line":1,"column":52},"end":{"line":12,"column":1}},"line":1},"1":{"name":"(anonymous_1)","decl":{"start":{"line":1,"column":52},"end":{"line":1,"column":53}},"loc":{"start":{"line":1,"column":58},"end":{"line":12,"column":1}},"line":1},"2":{"name":"(anonymous_2)","decl":{"start":{"line":5,"column":53},"end":{"line":5,"column":54}},"loc":{"start":{"line":5,"column":62},"end":{"line":8,"column":5}},"line":5}},"branchMap":{},"s":{"0":1,"1":103,"2":12,"3":12,"4":14,"5":14,"6":12},"f":{"0":103,"1":12,"2":14},"b":{},"_coverageSchema":"1a1c01bbd47fc00a2c39e90264f33305004495a9","hash":"cd662859764f47a2babf1b9acb33be94e09e9645","contentHash":"ba262a3f4cc68d3884c2d80d359761d262bcfebdba31db61076486293f70bad2"},"/Users/mattriley/Home/Code/agileavatars/src/components/styles/tag-size.js":{"path":"/Users/mattriley/Home/Code/agileavatars/src/components/styles/tag-size.js","statementMap":{"0":{"start":{"line":1,"column":0},"end":{"line":15,"column":2}},"1":{"start":{"line":1,"column":52},"end":{"line":15,"column":1}},"2":{"start":{"line":3,"column":19},"end":{"line":3,"column":30}},"3":{"start":{"line":5,"column":4},"end":{"line":11,"column":7}},"4":{"start":{"line":6,"column":22},"end":{"line":6,"column":59}},"5":{"start":{"line":7,"column":8},"end":{"line":10,"column":10}},"6":{"start":{"line":13,"column":4},"end":{"line":13,"column":18}}},"fnMap":{"0":{"name":"(anonymous_0)","decl":{"start":{"line":1,"column":17},"end":{"line":1,"column":18}},"loc":{"start":{"line":1,"column":52},"end":{"line":15,"column":1}},"line":1},"1":{"name":"(anonymous_1)","decl":{"start":{"line":1,"column":52},"end":{"line":1,"column":53}},"loc":{"start":{"line":1,"column":58},"end":{"line":15,"column":1}},"line":1},"2":{"name":"(anonymous_2)","decl":{"start":{"line":5,"column":52},"end":{"line":5,"column":53}},"loc":{"start":{"line":5,"column":60},"end":{"line":11,"column":5}},"line":5}},"branchMap":{},"s":{"0":1,"1":103,"2":12,"3":12,"4":14,"5":14,"6":12},"f":{"0":103,"1":12,"2":14},"b":{},"_coverageSchema":"1a1c01bbd47fc00a2c39e90264f33305004495a9","hash":"2f1833a303140302bd85705265dec6c8532b52dd","contentHash":"dea803c67d43e2f6f7f5bb4986e9db323e21906babd658145ad0cd573b45fb79"},"/Users/mattriley/Home/Code/agileavatars/src/components/styles/tag-spacing.js":{"path":"/Users/mattriley/Home/Code/agileavatars/src/components/styles/tag-spacing.js","statementMap":{"0":{"start":{"line":1,"column":0},"end":{"line":11,"column":2}},"1":{"start":{"line":1,"column":44},"end":{"line":11,"column":1}},"2":{"start":{"line":3,"column":19},"end":{"line":3,"column":30}},"3":{"start":{"line":5,"column":4},"end":{"line":7,"column":7}},"4":{"start":{"line":6,"column":8},"end":{"line":6,"column":64}},"5":{"start":{"line":9,"column":4},"end":{"line":9,"column":18}}},"fnMap":{"0":{"name":"(anonymous_0)","decl":{"start":{"line":1,"column":17},"end":{"line":1,"column":18}},"loc":{"start":{"line":1,"column":44},"end":{"line":11,"column":1}},"line":1},"1":{"name":"(anonymous_1)","decl":{"start":{"line":1,"column":44},"end":{"line":1,"column":45}},"loc":{"start":{"line":1,"column":50},"end":{"line":11,"column":1}},"line":1},"2":{"name":"(anonymous_2)","decl":{"start":{"line":5,"column":55},"end":{"line":5,"column":56}},"loc":{"start":{"line":5,"column":66},"end":{"line":7,"column":5}},"line":5}},"branchMap":{},"s":{"0":1,"1":103,"2":12,"3":12,"4":14,"5":12},"f":{"0":103,"1":12,"2":14},"b":{},"_coverageSchema":"1a1c01bbd47fc00a2c39e90264f33305004495a9","hash":"6ec0033b91202b21486d91071209eceec67ebcf4","contentHash":"088d24167e86718f59cba532858622fccf625b48ede2e3562626a207840d54bb"},"/Users/mattriley/Home/Code/agileavatars/src/components/styles/vanilla-picker.js":{"path":"/Users/mattriley/Home/Code/agileavatars/src/components/styles/vanilla-picker.js","statementMap":{"0":{"start":{"line":1,"column":15},"end":{"line":1,"column":40}},"1":{"start":{"line":3,"column":0},"end":{"line":7,"column":2}},"2":{"start":{"line":3,"column":29},"end":{"line":7,"column":1}},"3":{"start":{"line":5,"column":4},"end":{"line":5,"column":52}}},"fnMap":{"0":{"name":"(anonymous_0)","decl":{"start":{"line":3,"column":17},"end":{"line":3,"column":18}},"loc":{"start":{"line":3,"column":29},"end":{"line":7,"column":1}},"line":3},"1":{"name":"(anonymous_1)","decl":{"start":{"line":3,"column":29},"end":{"line":3,"column":30}},"loc":{"start":{"line":3,"column":35},"end":{"line":7,"column":1}},"line":3}},"branchMap":{},"s":{"0":1,"1":1,"2":103,"3":12},"f":{"0":103,"1":12},"b":{},"_coverageSchema":"1a1c01bbd47fc00a2c39e90264f33305004495a9","hash":"ed85e7519b292f778d147a5da0c23d101492fad1","contentHash":"e957608ac6a9d1e464d6bc8a2b9ed5fce950069746f73a253c74d9b9168c8ebd"},"/Users/mattriley/Home/Code/agileavatars/src/components/tag-list/index.js":{"path":"/Users/mattriley/Home/Code/agileavatars/src/components/tag-list/index.js","statementMap":{"0":{"start":{"line":1,"column":0},"end":{"line":4,"column":2}}},"fnMap":{},"branchMap":{},"s":{"0":1},"f":{},"b":{},"_coverageSchema":"1a1c01bbd47fc00a2c39e90264f33305004495a9","hash":"51cdab31cd1107940be56ad420b6774117962f1f","contentHash":"8c5d48710ac9ff1c8a2ba634d504bf0ee02589038d14c272a42c0c98e1dfd4cb"},"/Users/mattriley/Home/Code/agileavatars/src/components/tag-list/tag/index.js":{"path":"/Users/mattriley/Home/Code/agileavatars/src/components/tag-list/tag/index.js","statementMap":{"0":{"start":{"line":1,"column":0},"end":{"line":4,"column":2}}},"fnMap":{},"branchMap":{},"s":{"0":1},"f":{},"b":{},"_coverageSchema":"1a1c01bbd47fc00a2c39e90264f33305004495a9","hash":"b75da4764ff9a30c1bfe6fad1e05a4efce36bca2","contentHash":"e5f37fcdfc2b94c7f9e8d5728b3e233ff0c19a304a939cf09300be55ca5f5941"},"/Users/mattriley/Home/Code/agileavatars/src/components/tag-list/tag/components/index.js":{"path":"/Users/mattriley/Home/Code/agileavatars/src/components/tag-list/tag/components/index.js","statementMap":{"0":{"start":{"line":1,"column":0},"end":{"line":5,"column":2}}},"fnMap":{},"branchMap":{},"s":{"0":1},"f":{},"b":{},"_coverageSchema":"1a1c01bbd47fc00a2c39e90264f33305004495a9","hash":"bdb5d64945cf3141e1fad89061ca19d84259edd4","contentHash":"b22a581a1cbc17ec34773bea3cbffe4e6461f0848fb66a7d0e76cf999cf84626"},"/Users/mattriley/Home/Code/agileavatars/src/components/tag-list/tag/components/role-name.js":{"path":"/Users/mattriley/Home/Code/agileavatars/src/components/tag-list/tag/components/role-name.js","statementMap":{"0":{"start":{"line":1,"column":0},"end":{"line":14,"column":2}},"1":{"start":{"line":1,"column":60},"end":{"line":14,"column":1}},"2":{"start":{"line":3,"column":22},"end":{"line":6,"column":10}},"3":{"start":{"line":5,"column":12},"end":{"line":5,"column":86}},"4":{"start":{"line":8,"column":4},"end":{"line":10,"column":7}},"5":{"start":{"line":9,"column":8},"end":{"line":9,"column":41}},"6":{"start":{"line":12,"column":4},"end":{"line":12,"column":21}}},"fnMap":{"0":{"name":"(anonymous_0)","decl":{"start":{"line":1,"column":17},"end":{"line":1,"column":18}},"loc":{"start":{"line":1,"column":60},"end":{"line":14,"column":1}},"line":1},"1":{"name":"(anonymous_1)","decl":{"start":{"line":1,"column":60},"end":{"line":1,"column":61}},"loc":{"start":{"line":1,"column":77},"end":{"line":14,"column":1}},"line":1},"2":{"name":"(anonymous_2)","decl":{"start":{"line":4,"column":36},"end":{"line":4,"column":37}},"loc":{"start":{"line":4,"column":42},"end":{"line":6,"column":9}},"line":4},"3":{"name":"(anonymous_3)","decl":{"start":{"line":8,"column":67},"end":{"line":8,"column":68}},"loc":{"start":{"line":8,"column":79},"end":{"line":10,"column":5}},"line":8}},"branchMap":{},"s":{"0":1,"1":103,"2":41,"3":1,"4":41,"5":44,"6":41},"f":{"0":103,"1":41,"2":1,"3":44},"b":{},"_coverageSchema":"1a1c01bbd47fc00a2c39e90264f33305004495a9","hash":"6fe89194d3022eb7e88575d4674bc3218477ebdf","contentHash":"da3ce3a2ae44b4bdcad1ff0346f7dbb95a72f0821a7ed820aec2b85fc575f3b5"},"/Users/mattriley/Home/Code/agileavatars/src/components/tag-list/tag/components/tag-image.js":{"path":"/Users/mattriley/Home/Code/agileavatars/src/components/tag-list/tag/components/tag-image.js","statementMap":{"0":{"start":{"line":1,"column":0},"end":{"line":5,"column":2}},"1":{"start":{"line":1,"column":29},"end":{"line":5,"column":1}},"2":{"start":{"line":3,"column":4},"end":{"line":3,"column":34}}},"fnMap":{"0":{"name":"(anonymous_0)","decl":{"start":{"line":1,"column":17},"end":{"line":1,"column":18}},"loc":{"start":{"line":1,"column":29},"end":{"line":5,"column":1}},"line":1},"1":{"name":"(anonymous_1)","decl":{"start":{"line":1,"column":29},"end":{"line":1,"column":30}},"loc":{"start":{"line":1,"column":35},"end":{"line":5,"column":1}},"line":1}},"branchMap":{},"s":{"0":1,"1":103,"2":41},"f":{"0":103,"1":41},"b":{},"_coverageSchema":"1a1c01bbd47fc00a2c39e90264f33305004495a9","hash":"dff80bbfc6c307a5ae46471518a400cdd7240353","contentHash":"9466d063cc8c2653e34f3fb5d1952d619b45f178d050ba6886a6662f89e83409"},"/Users/mattriley/Home/Code/agileavatars/src/components/tag-list/tag/components/tag-name.js":{"path":"/Users/mattriley/Home/Code/agileavatars/src/components/tag-list/tag/components/tag-name.js","statementMap":{"0":{"start":{"line":1,"column":0},"end":{"line":14,"column":2}},"1":{"start":{"line":1,"column":60},"end":{"line":14,"column":1}},"2":{"start":{"line":3,"column":21},"end":{"line":6,"column":10}},"3":{"start":{"line":5,"column":12},"end":{"line":5,"column":85}},"4":{"start":{"line":8,"column":4},"end":{"line":10,"column":7}},"5":{"start":{"line":9,"column":8},"end":{"line":9,"column":39}},"6":{"start":{"line":12,"column":4},"end":{"line":12,"column":20}}},"fnMap":{"0":{"name":"(anonymous_0)","decl":{"start":{"line":1,"column":17},"end":{"line":1,"column":18}},"loc":{"start":{"line":1,"column":60},"end":{"line":14,"column":1}},"line":1},"1":{"name":"(anonymous_1)","decl":{"start":{"line":1,"column":60},"end":{"line":1,"column":61}},"loc":{"start":{"line":1,"column":77},"end":{"line":14,"column":1}},"line":1},"2":{"name":"(anonymous_2)","decl":{"start":{"line":4,"column":36},"end":{"line":4,"column":37}},"loc":{"start":{"line":4,"column":42},"end":{"line":6,"column":9}},"line":4},"3":{"name":"(anonymous_3)","decl":{"start":{"line":8,"column":66},"end":{"line":8,"column":67}},"loc":{"start":{"line":8,"column":77},"end":{"line":10,"column":5}},"line":8}},"branchMap":{},"s":{"0":1,"1":103,"2":41,"3":4,"4":41,"5":46,"6":41},"f":{"0":103,"1":41,"2":4,"3":46},"b":{},"_coverageSchema":"1a1c01bbd47fc00a2c39e90264f33305004495a9","hash":"86a43962b7be370a1989893aadd9b656da220db3","contentHash":"e20804d1d9ebd6056ea4bc2503f81b8a7fefa3c669a6ce57c025d81bcb59da79"},"/Users/mattriley/Home/Code/agileavatars/src/components/tag-list/tag/tag.js":{"path":"/Users/mattriley/Home/Code/agileavatars/src/components/tag-list/tag/tag.js","statementMap":{"0":{"start":{"line":1,"column":0},"end":{"line":18,"column":2}},"1":{"start":{"line":1,"column":77},"end":{"line":18,"column":1}},"2":{"start":{"line":3,"column":20},"end":{"line":7,"column":6}},"3":{"start":{"line":9,"column":17},"end":{"line":9,"column":42}},"4":{"start":{"line":11,"column":4},"end":{"line":14,"column":7}},"5":{"start":{"line":12,"column":26},"end":{"line":12,"column":58}},"6":{"start":{"line":13,"column":8},"end":{"line":13,"column":87}},"7":{"start":{"line":16,"column":4},"end":{"line":16,"column":16}}},"fnMap":{"0":{"name":"(anonymous_0)","decl":{"start":{"line":1,"column":17},"end":{"line":1,"column":18}},"loc":{"start":{"line":1,"column":77},"end":{"line":18,"column":1}},"line":1},"1":{"name":"(anonymous_1)","decl":{"start":{"line":1,"column":77},"end":{"line":1,"column":78}},"loc":{"start":{"line":1,"column":94},"end":{"line":18,"column":1}},"line":1},"2":{"name":"(anonymous_2)","decl":{"start":{"line":11,"column":65},"end":{"line":11,"column":66}},"loc":{"start":{"line":11,"column":94},"end":{"line":14,"column":5}},"line":11}},"branchMap":{},"s":{"0":1,"1":103,"2":41,"3":41,"4":41,"5":43,"6":43,"7":41},"f":{"0":103,"1":41,"2":43},"b":{},"_coverageSchema":"1a1c01bbd47fc00a2c39e90264f33305004495a9","hash":"d84eeebdf4c90e62acfcac5ce792da1001d55bd0","contentHash":"926dad5551d37c898948c08c9219954ee034c9f7c3eb25ea8b7df4ce6f64aefa"},"/Users/mattriley/Home/Code/agileavatars/src/components/tag-list/tag-list.js":{"path":"/Users/mattriley/Home/Code/agileavatars/src/components/tag-list/tag-list.js","statementMap":{"0":{"start":{"line":1,"column":0},"end":{"line":36,"column":2}},"1":{"start":{"line":1,"column":76},"end":{"line":36,"column":1}},"2":{"start":{"line":3,"column":19},"end":{"line":3,"column":28}},"3":{"start":{"line":5,"column":18},"end":{"line":5,"column":39}},"4":{"start":{"line":7,"column":4},"end":{"line":12,"column":7}},"5":{"start":{"line":8,"column":21},"end":{"line":8,"column":47}},"6":{"start":{"line":9,"column":8},"end":{"line":9,"column":40}},"7":{"start":{"line":10,"column":8},"end":{"line":10,"column":27}},"8":{"start":{"line":11,"column":8},"end":{"line":11,"column":22}},"9":{"start":{"line":14,"column":4},"end":{"line":17,"column":7}},"10":{"start":{"line":15,"column":8},"end":{"line":15,"column":43}},"11":{"start":{"line":16,"column":8},"end":{"line":16,"column":37}},"12":{"start":{"line":19,"column":17},"end":{"line":23,"column":5}},"13":{"start":{"line":20,"column":8},"end":{"line":22,"column":11}},"14":{"start":{"line":21,"column":12},"end":{"line":21,"column":55}},"15":{"start":{"line":25,"column":24},"end":{"line":28,"column":5}},"16":{"start":{"line":30,"column":4},"end":{"line":30,"column":58}},"17":{"start":{"line":31,"column":4},"end":{"line":31,"column":67}},"18":{"start":{"line":32,"column":4},"end":{"line":32,"column":68}},"19":{"start":{"line":34,"column":4},"end":{"line":34,"column":17}}},"fnMap":{"0":{"name":"(anonymous_0)","decl":{"start":{"line":1,"column":17},"end":{"line":1,"column":18}},"loc":{"start":{"line":1,"column":76},"end":{"line":36,"column":1}},"line":1},"1":{"name":"(anonymous_1)","decl":{"start":{"line":1,"column":76},"end":{"line":1,"column":77}},"loc":{"start":{"line":1,"column":82},"end":{"line":36,"column":1}},"line":1},"2":{"name":"(anonymous_2)","decl":{"start":{"line":7,"column":40},"end":{"line":7,"column":41}},"loc":{"start":{"line":7,"column":57},"end":{"line":12,"column":5}},"line":7},"3":{"name":"(anonymous_3)","decl":{"start":{"line":14,"column":46},"end":{"line":14,"column":47}},"loc":{"start":{"line":14,"column":63},"end":{"line":17,"column":5}},"line":14},"4":{"name":"(anonymous_4)","decl":{"start":{"line":19,"column":17},"end":{"line":19,"column":18}},"loc":{"start":{"line":19,"column":23},"end":{"line":23,"column":5}},"line":19},"5":{"name":"(anonymous_5)","decl":{"start":{"line":20,"column":49},"end":{"line":20,"column":50}},"loc":{"start":{"line":20,"column":69},"end":{"line":22,"column":9}},"line":20}},"branchMap":{},"s":{"0":1,"1":103,"2":29,"3":29,"4":29,"5":41,"6":41,"7":41,"8":41,"9":29,"10":2,"11":2,"12":29,"13":84,"14":79,"15":29,"16":29,"17":29,"18":29,"19":29},"f":{"0":103,"1":29,"2":41,"3":2,"4":84,"5":79},"b":{},"_coverageSchema":"1a1c01bbd47fc00a2c39e90264f33305004495a9","hash":"18526c6dfeb07aab3599e2d507e877197c5e12b5","contentHash":"efab9737a0910afb44c7ff0b67fed877628b064c524187dcce7b686619dc9bc6"},"/Users/mattriley/Home/Code/agileavatars/src/components/tips/index.js":{"path":"/Users/mattriley/Home/Code/agileavatars/src/components/tips/index.js","statementMap":{"0":{"start":{"line":1,"column":0},"end":{"line":8,"column":2}}},"fnMap":{},"branchMap":{},"s":{"0":1},"f":{},"b":{},"_coverageSchema":"1a1c01bbd47fc00a2c39e90264f33305004495a9","hash":"d0a8b72b468b992321daf0b78557db75d8eb5a4d","contentHash":"3c787b732cd9f86609ebad80fe0441728b930747f32367cf8ea559f5e612ac27"},"/Users/mattriley/Home/Code/agileavatars/src/components/tips/badges.js":{"path":"/Users/mattriley/Home/Code/agileavatars/src/components/tips/badges.js","statementMap":{"0":{"start":{"line":1,"column":0},"end":{"line":11,"column":2}},"1":{"start":{"line":1,"column":29},"end":{"line":11,"column":1}},"2":{"start":{"line":3,"column":4},"end":{"line":9,"column":7}}},"fnMap":{"0":{"name":"(anonymous_0)","decl":{"start":{"line":1,"column":17},"end":{"line":1,"column":18}},"loc":{"start":{"line":1,"column":29},"end":{"line":11,"column":1}},"line":1},"1":{"name":"(anonymous_1)","decl":{"start":{"line":1,"column":29},"end":{"line":1,"column":30}},"loc":{"start":{"line":1,"column":35},"end":{"line":11,"column":1}},"line":1}},"branchMap":{},"s":{"0":1,"1":103,"2":2},"f":{"0":103,"1":2},"b":{},"_coverageSchema":"1a1c01bbd47fc00a2c39e90264f33305004495a9","hash":"d3f5d6aada767f654d00e90cfedc7aee6a82cef9","contentHash":"51465814a426cf773555d222f95d0482241849e3801a3dd9a96762b9ae016858"},"/Users/mattriley/Home/Code/agileavatars/src/components/tips/images.js":{"path":"/Users/mattriley/Home/Code/agileavatars/src/components/tips/images.js","statementMap":{"0":{"start":{"line":1,"column":0},"end":{"line":16,"column":2}},"1":{"start":{"line":1,"column":29},"end":{"line":16,"column":1}},"2":{"start":{"line":3,"column":4},"end":{"line":14,"column":7}}},"fnMap":{"0":{"name":"(anonymous_0)","decl":{"start":{"line":1,"column":17},"end":{"line":1,"column":18}},"loc":{"start":{"line":1,"column":29},"end":{"line":16,"column":1}},"line":1},"1":{"name":"(anonymous_1)","decl":{"start":{"line":1,"column":29},"end":{"line":1,"column":30}},"loc":{"start":{"line":1,"column":35},"end":{"line":16,"column":1}},"line":1}},"branchMap":{},"s":{"0":1,"1":103,"2":2},"f":{"0":103,"1":2},"b":{},"_coverageSchema":"1a1c01bbd47fc00a2c39e90264f33305004495a9","hash":"4fd7a82171827bd5245cc02b97755d921bf8cf61","contentHash":"13ddf107dbb76236c9087baf846131df8b88b27113871ac66b53abf9cb8d6b75"},"/Users/mattriley/Home/Code/agileavatars/src/components/tips/laminating.js":{"path":"/Users/mattriley/Home/Code/agileavatars/src/components/tips/laminating.js","statementMap":{"0":{"start":{"line":1,"column":0},"end":{"line":12,"column":2}},"1":{"start":{"line":1,"column":29},"end":{"line":12,"column":1}},"2":{"start":{"line":3,"column":4},"end":{"line":10,"column":7}}},"fnMap":{"0":{"name":"(anonymous_0)","decl":{"start":{"line":1,"column":17},"end":{"line":1,"column":18}},"loc":{"start":{"line":1,"column":29},"end":{"line":12,"column":1}},"line":1},"1":{"name":"(anonymous_1)","decl":{"start":{"line":1,"column":29},"end":{"line":1,"column":30}},"loc":{"start":{"line":1,"column":35},"end":{"line":12,"column":1}},"line":1}},"branchMap":{},"s":{"0":1,"1":103,"2":2},"f":{"0":103,"1":2},"b":{},"_coverageSchema":"1a1c01bbd47fc00a2c39e90264f33305004495a9","hash":"d3716ae2e74ba1a8292b5e5161544225ca45b3ce","contentHash":"55c4facdb6a83b3cff11059cd5003ec03128ae8e756bfd669c593e16e40b1170"},"/Users/mattriley/Home/Code/agileavatars/src/components/tips/multiples.js":{"path":"/Users/mattriley/Home/Code/agileavatars/src/components/tips/multiples.js","statementMap":{"0":{"start":{"line":1,"column":0},"end":{"line":27,"column":2}},"1":{"start":{"line":1,"column":29},"end":{"line":27,"column":1}},"2":{"start":{"line":3,"column":4},"end":{"line":25,"column":7}}},"fnMap":{"0":{"name":"(anonymous_0)","decl":{"start":{"line":1,"column":17},"end":{"line":1,"column":18}},"loc":{"start":{"line":1,"column":29},"end":{"line":27,"column":1}},"line":1},"1":{"name":"(anonymous_1)","decl":{"start":{"line":1,"column":29},"end":{"line":1,"column":30}},"loc":{"start":{"line":1,"column":35},"end":{"line":27,"column":1}},"line":1}},"branchMap":{},"s":{"0":1,"1":103,"2":2},"f":{"0":103,"1":2},"b":{},"_coverageSchema":"1a1c01bbd47fc00a2c39e90264f33305004495a9","hash":"2d21a44f68267f1009688c22cf4c26317fde2dfd","contentHash":"ef5950810784a0d90e372e3061af0880cedaf2f9e6ce50e645437d34cb3c786d"},"/Users/mattriley/Home/Code/agileavatars/src/components/tips/naming.js":{"path":"/Users/mattriley/Home/Code/agileavatars/src/components/tips/naming.js","statementMap":{"0":{"start":{"line":1,"column":0},"end":{"line":13,"column":2}},"1":{"start":{"line":1,"column":29},"end":{"line":13,"column":1}},"2":{"start":{"line":3,"column":4},"end":{"line":11,"column":7}}},"fnMap":{"0":{"name":"(anonymous_0)","decl":{"start":{"line":1,"column":17},"end":{"line":1,"column":18}},"loc":{"start":{"line":1,"column":29},"end":{"line":13,"column":1}},"line":1},"1":{"name":"(anonymous_1)","decl":{"start":{"line":1,"column":29},"end":{"line":1,"column":30}},"loc":{"start":{"line":1,"column":35},"end":{"line":13,"column":1}},"line":1}},"branchMap":{},"s":{"0":1,"1":103,"2":2},"f":{"0":103,"1":2},"b":{},"_coverageSchema":"1a1c01bbd47fc00a2c39e90264f33305004495a9","hash":"5f3d4b3cd1188851862786fecfe66cefd05c7863","contentHash":"36424b74ce635849ed3b6556c9d3be28815b14a657765c8f52164585dfc8238f"},"/Users/mattriley/Home/Code/agileavatars/src/components/tips/role-shortcut.js":{"path":"/Users/mattriley/Home/Code/agileavatars/src/components/tips/role-shortcut.js","statementMap":{"0":{"start":{"line":1,"column":0},"end":{"line":16,"colu
[...]
10,"column":60}}},"fnMap":{"0":{"name":"(anonymous_0)","decl":{"start":{"line":1,"column":17},"end":{"line":1,"column":18}},"loc":{"start":{"line":1,"column":41},"end":{"line":12,"column":1}},"line":1},"1":{"name":"(anonymous_1)","decl":{"start":{"line":1,"column":41},"end":{"line":1,"column":42}},"loc":{"start":{"line":1,"column":77},"end":{"line":12,"column":1}},"line":1}},"branchMap":{"0":{"loc":{"start":{"line":4,"column":28},"end":{"line":4,"column":45}},"type":"binary-expr","locations":[{"start":{"line":4,"column":28},"end":{"line":4,"column":33}},{"start":{"line":4,"column":37},"end":{"line":4,"column":45}}],"line":4}},"s":{"0":1,"1":103,"2":4,"3":4,"4":4,"5":3,"6":3,"7":1},"f":{"0":103,"1":4},"b":{"0":[4,1]},"_coverageSchema":"1a1c01bbd47fc00a2c39e90264f33305004495a9","hash":"84784b9493b66fac7aa820f02ba3e06f2bce81f7","contentHash":"5d1825342d19e6116e8e11964844d91c8d483b7985d77c9f0f1ab494d17de8a0"},"/Users/mattriley/Home/Code/agileavatars/src/services/tags/insert-gravatar-batch-async.js":{"path":"/Users/mattriley/Home/Code/agileavatars/src/services/tags/insert-gravatar-batch-async.js","statementMap":{"0":{"start":{"line":1,"column":0},"end":{"line":14,"column":2}},"1":{"start":{"line":1,"column":51},"end":{"line":14,"column":1}},"2":{"start":{"line":3,"column":4},"end":{"line":12,"column":5}},"3":{"start":{"line":4,"column":8},"end":{"line":4,"column":46}},"4":{"start":{"line":5,"column":23},"end":{"line":5,"column":82}},"5":{"start":{"line":5,"column":32},"end":{"line":5,"column":82}},"6":{"start":{"line":6,"column":8},"end":{"line":6,"column":46}},"7":{"start":{"line":7,"column":8},"end":{"line":7,"column":44}},"8":{"start":{"line":8,"column":8},"end":{"line":8,"column":39}},"9":{"start":{"line":10,"column":8},"end":{"line":10,"column":37}},"10":{"start":{"line":11,"column":8},"end":{"line":11,"column":72}}},"fnMap":{"0":{"name":"(anonymous_0)","decl":{"start":{"line":1,"column":17},"end":{"line":1,"column":18}},"loc":{"start":{"line":1,"column":51},"end":{"line":14,"column":1}},"line":1},"1":{"name":"(anonymous_1)","decl":{"start":{"line":1,"column":51},"end":{"line":1,"column":52}},"loc":{"start":{"line":1,"column":79},"end":{"line":14,"column":1}},"line":1},"2":{"name":"(anonymous_2)","decl":{"start":{"line":5,"column":23},"end":{"line":5,"column":24}},"loc":{"start":{"line":5,"column":32},"end":{"line":5,"column":82}},"line":5}},"branchMap":{},"s":{"0":1,"1":103,"2":5,"3":5,"4":5,"5":5,"6":5,"7":0,"8":0,"9":4,"10":4},"f":{"0":103,"1":5,"2":5},"b":{},"_coverageSchema":"1a1c01bbd47fc00a2c39e90264f33305004495a9","hash":"9005194a28d2029799a2b3708661cf9c597c9877","contentHash":"2ed4f007b6e384c8c68526ef6c44bc41abbc7d21589486cc54d14e8ea214378f"},"/Users/mattriley/Home/Code/agileavatars/src/services/tags/insert-tag-instance.js":{"path":"/Users/mattriley/Home/Code/agileavatars/src/services/tags/insert-tag-instance.js","statementMap":{"0":{"start":{"line":1,"column":0},"end":{"line":16,"column":2}},"1":{"start":{"line":1,"column":43},"end":{"line":16,"column":1}},"2":{"start":{"line":3,"column":24},"end":{"line":3,"column":71}},"3":{"start":{"line":4,"column":28},"end":{"line":4,"column":39}},"4":{"start":{"line":5,"column":16},"end":{"line":5,"column":43}},"5":{"start":{"line":7,"column":26},"end":{"line":12,"column":6}},"6":{"start":{"line":8,"column":8},"end":{"line":11,"column":11}},"7":{"start":{"line":14,"column":4},"end":{"line":14,"column":25}}},"fnMap":{"0":{"name":"(anonymous_0)","decl":{"start":{"line":1,"column":17},"end":{"line":1,"column":18}},"loc":{"start":{"line":1,"column":43},"end":{"line":16,"column":1}},"line":1},"1":{"name":"(anonymous_1)","decl":{"start":{"line":1,"column":43},"end":{"line":1,"column":44}},"loc":{"start":{"line":1,"column":62},"end":{"line":16,"column":1}},"line":1},"2":{"name":"(anonymous_2)","decl":{"start":{"line":7,"column":66},"end":{"line":7,"column":67}},"loc":{"start":{"line":7,"column":83},"end":{"line":12,"column":5}},"line":7}},"branchMap":{},"s":{"0":1,"1":103,"2":43,"3":43,"4":43,"5":43,"6":43,"7":43},"f":{"0":103,"1":43,"2":43},"b":{},"_coverageSchema":"1a1c01bbd47fc00a2c39e90264f33305004495a9","hash":"4704c038b77b77c11a1572c43000768211d599b0","contentHash":"efb0864d7c017c97d97e2996afa3ee55e25fe63f3f1d5bf4953089bf4f332c56"},"/Users/mattriley/Home/Code/agileavatars/src/services/tags/insert-tag.js":{"path":"/Users/mattriley/Home/Code/agileavatars/src/services/tags/insert-tag.js","statementMap":{"0":{"start":{"line":1,"column":0},"end":{"line":21,"column":2}},"1":{"start":{"line":1,"column":58},"end":{"line":21,"column":1}},"2":{"start":{"line":3,"column":16},"end":{"line":3,"column":47}},"3":{"start":{"line":5,"column":4},"end":{"line":19,"column":7}},"4":{"start":{"line":7,"column":8},"end":{"line":11,"column":10}},"5":{"start":{"line":13,"column":8},"end":{"line":17,"column":10}}},"fnMap":{"0":{"name":"(anonymous_0)","decl":{"start":{"line":1,"column":17},"end":{"line":1,"column":18}},"loc":{"start":{"line":1,"column":58},"end":{"line":21,"column":1}},"line":1},"1":{"name":"(anonymous_1)","decl":{"start":{"line":1,"column":58},"end":{"line":1,"column":59}},"loc":{"start":{"line":1,"column":69},"end":{"line":21,"column":1}},"line":1},"2":{"name":"(anonymous_2)","decl":{"start":{"line":5,"column":35},"end":{"line":5,"column":36}},"loc":{"start":{"line":5,"column":44},"end":{"line":19,"column":5}},"line":5}},"branchMap":{},"s":{"0":1,"1":103,"2":36,"3":36,"4":36,"5":36},"f":{"0":103,"1":36,"2":36},"b":{},"_coverageSchema":"1a1c01bbd47fc00a2c39e90264f33305004495a9","hash":"c3f90da047ba0d78e2d1e514e9dbb37d162b0a8d","contentHash":"00230baad89d5a26c1ff3ea97966dca874c3b5a16d5feef2f2f70f0b0cd48483"},"/Users/mattriley/Home/Code/agileavatars/src/services/tags/remove-tag-instance.js":{"path":"/Users/mattriley/Home/Code/agileavatars/src/services/tags/remove-tag-instance.js","statementMap":{"0":{"start":{"line":1,"column":0},"end":{"line":15,"column":2}},"1":{"start":{"line":1,"column":33},"end":{"line":15,"column":1}},"2":{"start":{"line":3,"column":28},"end":{"line":3,"column":71}},"3":{"start":{"line":4,"column":16},"end":{"line":4,"column":43}},"4":{"start":{"line":6,"column":20},"end":{"line":6,"column":46}},"5":{"start":{"line":6,"column":26},"end":{"line":6,"column":46}},"6":{"start":{"line":8,"column":4},"end":{"line":11,"column":7}},"7":{"start":{"line":13,"column":4},"end":{"line":13,"column":46}}},"fnMap":{"0":{"name":"(anonymous_0)","decl":{"start":{"line":1,"column":17},"end":{"line":1,"column":18}},"loc":{"start":{"line":1,"column":33},"end":{"line":15,"column":1}},"line":1},"1":{"name":"(anonymous_1)","decl":{"start":{"line":1,"column":33},"end":{"line":1,"column":34}},"loc":{"start":{"line":1,"column":50},"end":{"line":15,"column":1}},"line":1},"2":{"name":"(anonymous_2)","decl":{"start":{"line":6,"column":20},"end":{"line":6,"column":21}},"loc":{"start":{"line":6,"column":26},"end":{"line":6,"column":46}},"line":6}},"branchMap":{},"s":{"0":1,"1":103,"2":2,"3":2,"4":2,"5":8,"6":2,"7":2},"f":{"0":103,"1":2,"2":8},"b":{},"_coverageSchema":"1a1c01bbd47fc00a2c39e90264f33305004495a9","hash":"153d05ea5f192d5e6f9b3bd30526712e17ef30d6","contentHash":"7aefc3b1fc63ae40a9ece2e82c6a5c305daed96260aaee1d5f7d71bfbb1c6224"},"/Users/mattriley/Home/Code/agileavatars/src/services/tags/setup-role-propagation.js":{"path":"/Users/mattriley/Home/Code/agileavatars/src/services/tags/setup-role-propagation.js","statementMap":{"0":{"start":{"line":1,"column":0},"end":{"line":8,"column":2}},"1":{"start":{"line":1,"column":33},"end":{"line":8,"column":1}},"2":{"start":{"line":1,"column":42},"end":{"line":8,"column":1}},"3":{"start":{"line":3,"column":34},"end":{"line":3,"column":61}},"4":{"start":{"line":4,"column":25},"end":{"line":4,"column":54}},"5":{"start":{"line":5,"column":20},"end":{"line":5,"column":40}},"6":{"start":{"line":6,"column":4},"end":{"line":6,"column":71}},"7":{"start":{"line":6,"column":28},"end":{"line":6,"column":69}}},"fnMap":{"0":{"name":"(anonymous_0)","decl":{"start":{"line":1,"column":17},"end":{"line":1,"column":18}},"loc":{"start":{"line":1,"column":33},"end":{"line":8,"column":1}},"line":1},"1":{"name":"(anonymous_1)","decl":{"start":{"line":1,"column":33},"end":{"line":1,"column":34}},"loc":{"start":{"line":1,"column":42},"end":{"line":8,"column":1}},"line":1},"2":{"name":"(anonymous_2)","decl":{"start":{"line":1,"column":42},"end":{"line":1,"column":43}},"loc":{"start":{"line":1,"column":48},"end":{"line":8,"column":1}},"line":1},"3":{"name":"(anonymous_3)","decl":{"start":{"line":6,"column":22},"end":{"line":6,"column":23}},"loc":{"start":{"line":6,"column":28},"end":{"line":6,"column":69}},"line":6}},"branchMap":{},"s":{"0":1,"1":103,"2":36,"3":38,"4":38,"5":38,"6":38,"7":2},"f":{"0":103,"1":36,"2":38,"3":2},"b":{},"_coverageSchema":"1a1c01bbd47fc00a2c39e90264f33305004495a9","hash":"5cec5be3b8c50422fb13043a0df2b4f4a11e3411","contentHash":"e9961cb89a911bda6f02ae383e9a2c2e48c0f637d3da7757d7a82dcf8dcc5af6"},"/Users/mattriley/Home/Code/agileavatars/src/services/tags/setup-tag-propagation.js":{"path":"/Users/mattriley/Home/Code/agileavatars/src/services/tags/setup-tag-propagation.js","statementMap":{"0":{"start":{"line":1,"column":0},"end":{"line":7,"column":2}},"1":{"start":{"line":1,"column":33},"end":{"line":7,"column":1}},"2":{"start":{"line":1,"column":42},"end":{"line":7,"column":1}},"3":{"start":{"line":3,"column":35},"end":{"line":3,"column":62}},"4":{"start":{"line":4,"column":20},"end":{"line":4,"column":31}},"5":{"start":{"line":5,"column":4},"end":{"line":5,"column":71}},"6":{"start":{"line":5,"column":28},"end":{"line":5,"column":69}}},"fnMap":{"0":{"name":"(anonymous_0)","decl":{"start":{"line":1,"column":17},"end":{"line":1,"column":18}},"loc":{"start":{"line":1,"column":33},"end":{"line":7,"column":1}},"line":1},"1":{"name":"(anonymous_1)","decl":{"start":{"line":1,"column":33},"end":{"line":1,"column":34}},"loc":{"start":{"line":1,"column":42},"end":{"line":7,"column":1}},"line":1},"2":{"name":"(anonymous_2)","decl":{"start":{"line":1,"column":42},"end":{"line":1,"column":43}},"loc":{"start":{"line":1,"column":48},"end":{"line":7,"column":1}},"line":1},"3":{"name":"(anonymous_3)","decl":{"start":{"line":5,"column":22},"end":{"line":5,"column":23}},"loc":{"start":{"line":5,"column":28},"end":{"line":5,"column":69}},"line":5}},"branchMap":{},"s":{"0":1,"1":103,"2":36,"3":40,"4":40,"5":40,"6":5},"f":{"0":103,"1":36,"2":40,"3":5},"b":{},"_coverageSchema":"1a1c01bbd47fc00a2c39e90264f33305004495a9","hash":"4795a8388578179b19daf964bd4f27de9cde5c39","contentHash":"b9ee075afecced2aed857e624a054a1c3f9714bc9f85502fb2b37ea9e6c59995"},"/Users/mattriley/Home/Code/agileavatars/src/services/tags/sort-tag-instances.js":{"path":"/Users/mattriley/Home/Code/agileavatars/src/services/tags/sort-tag-instances.js","statementMap":{"0":{"start":{"line":1,"column":0},"end":{"line":13,"column":2}},"1":{"start":{"line":1,"column":49},"end":{"line":13,"column":1}},"2":{"start":{"line":3,"column":18},"end":{"line":7,"column":5}},"3":{"start":{"line":5,"column":28},"end":{"line":5,"column":107}},"4":{"start":{"line":6,"column":20},"end":{"line":6,"column":68}},"5":{"start":{"line":9,"column":21},"end":{"line":9,"column":48}},"6":{"start":{"line":10,"column":17},"end":{"line":10,"column":30}},"7":{"start":{"line":11,"column":4},"end":{"line":11,"column":87}}},"fnMap":{"0":{"name":"(anonymous_0)","decl":{"start":{"line":1,"column":17},"end":{"line":1,"column":18}},"loc":{"start":{"line":1,"column":49},"end":{"line":13,"column":1}},"line":1},"1":{"name":"(anonymous_1)","decl":{"start":{"line":1,"column":49},"end":{"line":1,"column":50}},"loc":{"start":{"line":1,"column":55},"end":{"line":13,"column":1}},"line":1},"2":{"name":"(anonymous_2)","decl":{"start":{"line":5,"column":22},"end":{"line":5,"column":23}},"loc":{"start":{"line":5,"column":28},"end":{"line":5,"column":107}},"line":5},"3":{"name":"(anonymous_3)","decl":{"start":{"line":6,"column":14},"end":{"line":6,"column":15}},"loc":{"start":{"line":6,"column":20},"end":{"line":6,"column":68}},"line":6}},"branchMap":{},"s":{"0":1,"1":103,"2":84,"3":5,"4":4,"5":84,"6":84,"7":84},"f":{"0":103,"1":84,"2":5,"3":4},"b":{},"_coverageSchema":"1a1c01bbd47fc00a2c39e90264f33305004495a9","hash":"4efee9735d7758353ab33ff65c3e15236ad7d19c","contentHash":"092af7a2e955a425f6f523c9eb5bdd27e85e0ddca09ca5dd49b5bdfa0644f121"},"/Users/mattriley/Home/Code/agileavatars/src/startup/index.js":{"path":"/Users/mattriley/Home/Code/agileavatars/src/startup/index.js","statementMap":{"0":{"start":{"line":1,"column":0},"end":{"line":6,"column":2}}},"fnMap":{},"branchMap":{},"s":{"0":1},"f":{},"b":{},"_coverageSchema":"1a1c01bbd47fc00a2c39e90264f33305004495a9","hash":"3ac5703b3eb39637dc6698212c37634da288c5cb","contentHash":"8e9bdcabd3b69581587ccc4794343291a460b9815050ea8f75a75914769665fc"},"/Users/mattriley/Home/Code/agileavatars/src/startup/storage/index.js":{"path":"/Users/mattriley/Home/Code/agileavatars/src/startup/storage/index.js","statementMap":{"0":{"start":{"line":1,"column":0},"end":{"line":5,"column":2}}},"fnMap":{},"branchMap":{},"s":{"0":1},"f":{},"b":{},"_coverageSchema":"1a1c01bbd47fc00a2c39e90264f33305004495a9","hash":"93b71acb8a8bd1eb17bd9cf1adc1bd989cab450c","contentHash":"3755d9efadc96041229b71f3e6f771594e2307859685ed98218a1a01e8e9fde2"},"/Users/mattriley/Home/Code/agileavatars/src/startup/storage/settings.js":{"path":"/Users/mattriley/Home/Code/agileavatars/src/startup/storage/settings.js","statementMap":{"0":{"start":{"line":1,"column":0},"end":{"line":10,"column":2}},"1":{"start":{"line":3,"column":4},"end":{"line":8,"column":11}},"2":{"start":{"line":4,"column":25},"end":{"line":4,"column":53}},"3":{"start":{"line":5,"column":19},"end":{"line":5,"column":51}},"4":{"start":{"line":6,"column":22},"end":{"line":6,"column":60}},"5":{"start":{"line":7,"column":8},"end":{"line":7,"column":41}}},"fnMap":{"0":{"name":"(anonymous_0)","decl":{"start":{"line":1,"column":17},"end":{"line":1,"column":18}},"loc":{"start":{"line":1,"column":41},"end":{"line":10,"column":1}},"line":1},"1":{"name":"(anonymous_1)","decl":{"start":{"line":3,"column":42},"end":{"line":3,"column":43}},"loc":{"start":{"line":3,"column":57},"end":{"line":8,"column":5}},"line":3}},"branchMap":{},"s":{"0":1,"1":103,"2":309,"3":309,"4":309,"5":309},"f":{"0":103,"1":309},"b":{},"_coverageSchema":"1a1c01bbd47fc00a2c39e90264f33305004495a9","hash":"57106ad2d91531062c12b571448ea92761d4bcc4","contentHash":"80f8b6bffdf5b3d900b290532ae6a27d171da1ea5bc4dd8d0d05128e8ccb7f5b"},"/Users/mattriley/Home/Code/agileavatars/src/startup/storage/stores.js":{"path":"/Users/mattriley/Home/Code/agileavatars/src/startup/storage/stores.js","statementMap":{"0":{"start":{"line":1,"column":0},"end":{"line":9,"column":2}},"1":{"start":{"line":3,"column":4},"end":{"line":7,"column":11}},"2":{"start":{"line":4,"column":27},"end":{"line":4,"column":43}},"3":{"start":{"line":5,"column":22},"end":{"line":5,"column":68}},"4":{"start":{"line":6,"column":8},"end":{"line":6,"column":41}}},"fnMap":{"0":{"name":"(anonymous_0)","decl":{"start":{"line":1,"column":17},"end":{"line":1,"column":18}},"loc":{"start":{"line":1,"column":45},"end":{"line":9,"column":1}},"line":1},"1":{"name":"(anonymous_1)","decl":{"start":{"line":3,"column":40},"end":{"line":3,"column":41}},"loc":{"start":{"line":3,"column":55},"end":{"line":7,"column":5}},"line":3}},"branchMap":{},"s":{"0":1,"1":103,"2":412,"3":412,"4":412},"f":{"0":103,"1":412},"b":{},"_coverageSchema":"1a1c01bbd47fc00a2c39e90264f33305004495a9","hash":"1f511ad18ef0dd431a181f39835e5769f12aaf85","contentHash":"6304a054c227872598d31200f590ac02201eaecc68b7bb50cb7d467c86cf5124"},"/Users/mattriley/Home/Code/agileavatars/src/startup/storage/subscriptions.js":{"path":"/Users/mattriley/Home/Code/agileavatars/src/startup/storage/subscriptions.js","statementMap":{"0":{"start":{"line":1,"column":0},"end":{"line":11,"column":2}},"1":{"start":{"line":3,"column":19},"end":{"line":7,"column":5}},"2":{"start":{"line":4,"column":8},"end":{"line":6,"column":15}},"3":{"start":{"line":5,"column":12},"end":{"line":5,"column":65}},"4":{"start":{"line":9,"column":4},"end":{"line":9,"column":61}}},"fnMap":{"0":{"name":"(anonymous_0)","decl":{"start":{"line":1,"column":17},"end":{"line":1,"column":18}},"loc":{"start":{"line":1,"column":43},"end":{"line":11,"column":1}},"line":1},"1":{"name":"(anonymous_1)","decl":{"start":{"line":3,"column":19},"end":{"line":3,"column":20}},"loc":{"start":{"line":3,"column":30},"end":{"line":7,"column":5}},"line":3},"2":{"name":"(anonymous_2)","decl":{"start":{"line":4,"column":46},"end":{"line":4,"column":47}},"loc":{"start":{"line":4,"column":82},"end":{"line":6,"column":9}},"line":4}},"branchMap":{},"s":{"0":1,"1":103,"2":206,"3":721,"4":103},"f":{"0":103,"1":206,"2":721},"b":{},"_coverageSchema":"1a1c01bbd47fc00a2c39e90264f33305004495a9","hash":"8addeb5fbc5c98011b0b926a9296afb82fa3ad8b","contentHash":"8e49392c99cde0bfaf6d2e17b0735ec4ef719ea840c51e8cb81d4b345923aea0"},"/Users/mattriley/Home/Code/agileavatars/src/startup/create-handlers.js":{"path":"/Users/mattriley/Home/Code/agileavatars/src/startup/create-handlers.js","statementMap":{"0":{"start":{"line":1,"column":0},"end":{"line":14,"column":2}},"1":{"start":{"line":3,"column":36},"end":{"line":6,"column":5}},"2":{"start":{"line":8,"column":4},"end":{"line":10,"column":7}},"3":{"start":{"line":9,"column":8},"end":{"line":9,"column":79}},"4":{"start":{"line":12,"column":4},"end":{"line":12,"column":57}}},"fnMap":{"0":{"name":"(anonymous_0)","decl":{"start":{"line":1,"column":17},"end":{"line":1,"column":18}},"loc":{"start":{"line":1,"column":63},"end":{"line":14,"column":1}},"line":1},"1":{"name":"(anonymous_1)","decl":{"start":{"line":8,"column":33},"end":{"line":8,"column":34}},"loc":{"start":{"line":8,"column":41},"end":{"line":10,"column":5}},"line":8}},"branchMap":{},"s":{"0":1,"1":103,"2":103,"3":206,"4":103},"f":{"0":103,"1":206},"b":{},"_coverageSchema":"1a1c01bbd47fc00a2c39e90264f33305004495a9","hash":"10727b48fb9c97e8b9b0e0b7a6e110414b66a097","contentHash":"de77b054a348bd94b6c206df4b10330e7fbe25a031dc1bcd6cb03ce211a5c229"},"/Users/mattriley/Home/Code/agileavatars/src/startup/create-stores.js":{"path":"/Users/mattriley/Home/Code/agileavatars/src/startup/create-stores.js","statementMap":{"0":{"start":{"line":1,"column":16},"end":{"line":1,"column":36}},"1":{"start":{"line":3,"column":0},"end":{"line":11,"column":2}},"2":{"start":{"line":5,"column":18},"end":{"line":5,"column":20}},"3":{"start":{"line":6,"column":19},"end":{"line":6,"column":57}},"4":{"start":{"line":7,"column":21},"end":{"line":7,"column":57}},"5":{"start":{"line":8,"column":26},"end":{"line":8,"column":69}},"6":{"start":{"line":9,"column":4},"end":{"line":9,"column":54}}},"fnMap":{"0":{"name":"(anonymous_0)","decl":{"start":{"line":3,"column":17},"end":{"line":3,"column":18}},"loc":{"start":{"line":3,"column":38},"end":{"line":11,"column":1}},"line":3}},"branchMap":{},"s":{"0":1,"1":1,"2":103,"3":103,"4":103,"5":103,"6":103},"f":{"0":103},"b":{},"_coverageSchema":"1a1c01bbd47fc00a2c39e90264f33305004495a9","hash":"f7987e6e0f50465bc62b46b0e716e2193427569a","contentHash":"ab62eec660ecbbd1414471bc2cadac6509014d8e608188664ceb66b22ede48a2"},"/Users/mattriley/Home/Code/agileavatars/src/startup/insert-nil-role.js":{"path":"/Users/mattriley/Home/Code/agileavatars/src/startup/insert-nil-role.js","statementMap":{"0":{"start":{"line":1,"column":0},"end":{"line":6,"column":2}},"1":{"start":{"line":3,"column":22},"end":{"line":3,"column":63}},"2":{"start":{"line":4,"column":4},"end":{"line":4,"column":41}}},"fnMap":{"0":{"name":"(anonymous_0)","decl":{"start":{"line":1,"column":17},"end":{"line":1,"column":18}},"loc":{"start":{"line":1,"column":51},"end":{"line":6,"column":1}},"line":1}},"branchMap":{},"s":{"0":1,"1":103,"2":103},"f":{"0":103},"b":{},"_coverageSchema":"1a1c01bbd47fc00a2c39e90264f33305004495a9","hash":"a0e2205e3a7e8ed351899a7f2913678a7af8e1b2","contentHash":"7f79b0e9a8226bd9c12aa9e10393660f4d71e0383ac9aafcdf2148dcc19777b9"}}